<?xml version="1.0" encoding="UTF-8"?>
<!-- Generated by org.testng.reporters.JUnitXMLReporter -->
<testsuite ignored="44" hostname="JAMOCHA30" failures="0" tests="51" name="Test" time="1267.559" errors="0" timestamp="2024-04-02T12:55:03 IST">
  <testcase classname="test.AOS.AOSBulkUpload" name="aosBulkUpload" time="40.799"/>
  <testcase classname="test.AOS.AOSBulkUploadDelete" name="aosBulkUploadDelete" time="22.268"/>
  <testcase classname="test.AOS.AOSBulkUploadModify" name="aosBulkUploadModify" time="19.297">
    <skipped/>
  </testcase> <!-- aosBulkUploadModify -->
  <testcase classname="test.AOS.AOSBulkUploadModify" name="aosBulkUploadModify" time="28.083"/>
  <testcase classname="test.AOS.AOSDeleteFunction" name="aosDeleteFunction" time="31.104"/>
  <testcase classname="test.AOS.AOSUnknownApplicationAddingtoExistingQualifierText" name="aosUnknownApplicationAddingtoExistingQualifierText" time="49.006">
    <skipped/>
  </testcase> <!-- aosUnknownApplicationAddingtoExistingQualifierText -->
  <testcase classname="test.AOS.AOSUnknownApplicationAddingtoExistingQualifierText" name="aosUnknownApplicationAddingtoExistingQualifierText" time="28.504"/>
  <testcase classname="test.AOS.AOSAddNew" name="addNewFunction" time="22.327"/>
  <testcase classname="test.AOS.AOSUnknownApplicationAddingtoCreateNew" name="aosUnknownApplicationAddingtoCreateNew" time="22.261"/>
  <testcase classname="test.AOS.AOSUnknownApplicationAddingtoCreateNewQualifierText" name="aosUnknownApplicationAddingtoCreateNewQualifierText" time="18.172"/>
  <testcase classname="test.AOS.AOSUnknownApplicationAddingtoExisting" name="aosUnknownApplicationAddingtoExisting" time="16.263"/>
  <testcase classname="test.AOS.AOSUnknownApplicationAddingtoCreateNewProcessName" name="aosUnknownApplicationAddingtoCreateNewProcessName" time="18.228"/>
  <testcase classname="test.AOS.AOSModifyFunction" name="a0sModifyFunction" time="26.279">
    <skipped/>
  </testcase> <!-- a0sModifyFunction -->
  <testcase classname="test.AOS.AOSModifyFunction" name="a0sModifyFunction" time="24.34"/>
  <testcase classname="test.AOS.AOSUnknownApplicationAddingtoExistingProcessName" name="aosUnknownApplicationAddingtoExistingProcessName" time="16.578"/>
  <testcase classname="test.UserDomain.UserDomainAddFunction" name="addNewFunction" time="66.055"/>
  <testcase classname="test.UserDomain.UserDomainModify" name="modifyFunction" time="13.999"/>
  <testcase classname="test.UserDomain.UserDomainDeleteFunction" name="deleteNewFunction" time="13.73"/>
  <testcase classname="test.UserDomain.UserDomainSortingFuncton" name="sortingFunction" time="15.432"/>
  <testcase classname="test.UserDomain.UserDomainExcelValidation" name="excelValidation" time="12.907"/>
  <testcase classname="test.UserDomain.UserDomainPDFValidation" name="pdf" time="14.356"/>
  <testcase classname="test.DataAggregation.DataAggregationForModificationOnSettingsTab" name="modificationOnSettingsTab" time="11.913"/>
  <testcase classname="test.DataAggregation.DataAggregationForModificationOnSettingsTabForClearButton" name="modificationOnSettingsTabForClearButton" time="6.383"/>
  <testcase classname="test.WorkProfile.WorkProfileForAddingNew" name="AddingNewWorkProfiles" time="13.669"/>
  <testcase classname="test.WorkProfile.WorkProfileForModification" name="modificationOnWorkProfiles" time="13.697"/>
  <testcase classname="test.WorkProfile.WorkProfilesDeleteWithDependency" name="cloneOnWorkProfiles" time="74.529">
    <skipped/>
  </testcase> <!-- cloneOnWorkProfiles -->
  <testcase classname="test.WorkProfile.WorkProfilesDeleteWithDependency" name="cloneOnWorkProfiles" time="16.525"/>
  <testcase classname="test.WorkProfile.WorkProfilesExcelValidation" name="cloneOnWorkProfiles" time="23.228"/>
  <testcase classname="test.WorkProfile.WorkProfilesForClone" name="cloneOnWorkProfiles" time="13.379"/>
  <testcase classname="test.WorkProfile.WorkProfileValidateWithTeams" name="cloneOnWorkProfiles" time="23.487"/>
  <testcase classname="test.DataAggregation.DataAggregation" name="aggregationForSingleType" time="25.452"/>
  <testcase classname="test.DataAggregation.DataAggregationForAllType" name="alltypeValidation" time="3.334">
    <skipped/>
  </testcase> <!-- alltypeValidation -->
  <testcase classname="test.DataAggregation.DataAggregationForAllType" name="alltypeValidation" time="19.973"/>
  <testcase classname="test.WorkProfile.WorkProfileForDelete" name="deletionOnWorkProfiles" time="14.446"/>
  <testcase classname="UserRoles.UserRolesAddNewMember" name="userRolesAddNewManager" time="21.226"/>
  <testcase classname="UserRoles.UserRolesAddNewManager" name="userRolesAddNewManager" time="23.113"/>
  <testcase classname="UserRoles.UserRolesAddNewManagerDelete" name="userRolesAddNewManagerDelete" time="38.744"/>
  <testcase classname="UserRoles.UserRolesAddNewMemberDelete" name="userRolesAddNewMemberDelete" time="30.185"/>
  <testcase classname="UserRoles.UserRoleExcelValidation" name="userRoleExcelValidation" time="17.761"/>
  <testcase classname="UserRoles.UserRolePDFValidation" name="userRolePDFValidation" time="21.516"/>
  <testcase classname="UserRoles.UserRolesBulkUpdate" name="userRolesBulkUpdate" time="37.49"/>
  <testcase classname="UserRoles.UserRolesBulkUpdateMember" name="userRolesBulkUpdateMember" time="33.576"/>
  <testcase classname="UserRoles.UserRoleSorting" name="userRoleSorting" time="20.929"/>
  <testcase classname="UserRoles.UserRolesModifyManagerToMeber" name="userRolesModifyManagerToMeber" time="46.68"/>
  <testcase classname="UserRoles.UserRolesModifyMemberToManager" name="userRolesModifyMemberToManager" time="41.749"/>
  <testcase classname="UserRoles.UserRolesModifyManagerModuleSelection" name="userRolesModifyManagerModuleSelection" time="25.262"/>
  <testcase classname="UserRoles.UserRolesModifyMemberModuleSelection" name="userRolesModifyMemberModuleSelection" time="31.404"/>
  <testcase classname="UserRoles.UserRolesModifyMemberHierarchyLevel" name="userRolesModifyMemberHierarchyLevel" time="12.477"/>
  <testcase classname="UserRoles.UserRolesModifyManagerHierarchyLevel" name="userRolesModifyManagerHierarchyLevel" time="12.737"/>
  <testcase classname="UserRoles.UserRolesModifyManagerEditActivityRating" name="userRolesModifyManagerEditActivityRating" time="41.075">
    <skipped/>
  </testcase> <!-- userRolesModifyManagerEditActivityRating -->
  <testcase classname="UserRoles.UserRolesModifyManagerEditActivityRating" name="userRolesModifyManagerEditActivityRating" time="31.269"/>
  <testcase classname="test.BaseTest" name="@AfterTest teardown" time="0.0">
    <ignored/>
  </testcase> <!-- @AfterTest teardown -->
  <testcase classname="test.BaseTest" name="@AfterTest teardown" time="0.0">
    <ignored/>
  </testcase> <!-- @AfterTest teardown -->
  <testcase classname="test.BaseTest" name="@AfterTest teardown" time="0.0">
    <ignored/>
  </testcase> <!-- @AfterTest teardown -->
  <testcase classname="test.BaseTest" name="@AfterTest teardown" time="0.0">
    <ignored/>
  </testcase> <!-- @AfterTest teardown -->
  <testcase classname="test.BaseTest" name="@AfterTest teardown" time="0.0">
    <ignored/>
  </testcase> <!-- @AfterTest teardown -->
  <testcase classname="test.BaseTest" name="@AfterTest teardown" time="0.0">
    <ignored/>
  </testcase> <!-- @AfterTest teardown -->
  <testcase classname="test.BaseTest" name="@AfterTest teardown" time="0.0">
    <ignored/>
  </testcase> <!-- @AfterTest teardown -->
  <testcase classname="test.BaseTest" name="@AfterTest teardown" time="0.0">
    <ignored/>
  </testcase> <!-- @AfterTest teardown -->
  <testcase classname="test.BaseTest" name="@AfterTest teardown" time="0.0">
    <ignored/>
  </testcase> <!-- @AfterTest teardown -->
  <testcase classname="test.BaseTest" name="@AfterTest teardown" time="0.0">
    <ignored/>
  </testcase> <!-- @AfterTest teardown -->
  <testcase classname="test.BaseTest" name="@AfterTest teardown" time="0.0">
    <ignored/>
  </testcase> <!-- @AfterTest teardown -->
  <testcase classname="test.BaseTest" name="@AfterTest teardown" time="0.0">
    <ignored/>
  </testcase> <!-- @AfterTest teardown -->
  <testcase classname="test.BaseTest" name="@AfterTest teardown" time="0.0">
    <ignored/>
  </testcase> <!-- @AfterTest teardown -->
  <testcase classname="test.BaseTest" name="@AfterTest teardown" time="0.0">
    <ignored/>
  </testcase> <!-- @AfterTest teardown -->
  <testcase classname="test.BaseTest" name="@AfterTest teardown" time="0.0">
    <ignored/>
  </testcase> <!-- @AfterTest teardown -->
  <testcase classname="test.BaseTest" name="@AfterTest teardown" time="0.0">
    <ignored/>
  </testcase> <!-- @AfterTest teardown -->
  <testcase classname="test.BaseTest" name="@AfterTest teardown" time="0.0">
    <ignored/>
  </testcase> <!-- @AfterTest teardown -->
  <testcase classname="test.BaseTest" name="@AfterTest teardown" time="0.0">
    <ignored/>
  </testcase> <!-- @AfterTest teardown -->
  <testcase classname="test.BaseTest" name="@AfterTest teardown" time="0.0">
    <ignored/>
  </testcase> <!-- @AfterTest teardown -->
  <testcase classname="test.BaseTest" name="@AfterTest teardown" time="0.0">
    <ignored/>
  </testcase> <!-- @AfterTest teardown -->
  <testcase classname="test.BaseTest" name="@AfterTest teardown" time="0.0">
    <ignored/>
  </testcase> <!-- @AfterTest teardown -->
  <testcase classname="test.BaseTest" name="@AfterTest teardown" time="0.0">
    <ignored/>
  </testcase> <!-- @AfterTest teardown -->
  <testcase classname="test.BaseTest" name="@AfterTest teardown" time="0.0">
    <ignored/>
  </testcase> <!-- @AfterTest teardown -->
  <testcase classname="test.BaseTest" name="@AfterTest teardown" time="0.0">
    <ignored/>
  </testcase> <!-- @AfterTest teardown -->
  <testcase classname="test.BaseTest" name="@AfterTest teardown" time="0.0">
    <ignored/>
  </testcase> <!-- @AfterTest teardown -->
  <testcase classname="test.BaseTest" name="@AfterTest teardown" time="0.0">
    <ignored/>
  </testcase> <!-- @AfterTest teardown -->
  <testcase classname="test.BaseTest" name="@AfterTest teardown" time="0.0">
    <ignored/>
  </testcase> <!-- @AfterTest teardown -->
  <testcase classname="test.BaseTest" name="@AfterTest teardown" time="0.0">
    <ignored/>
  </testcase> <!-- @AfterTest teardown -->
  <testcase classname="test.BaseTest" name="@AfterTest teardown" time="0.0">
    <ignored/>
  </testcase> <!-- @AfterTest teardown -->
  <testcase classname="test.BaseTest" name="@AfterTest teardown" time="0.0">
    <ignored/>
  </testcase> <!-- @AfterTest teardown -->
  <testcase classname="test.BaseTest" name="@AfterTest teardown" time="0.0">
    <ignored/>
  </testcase> <!-- @AfterTest teardown -->
  <testcase classname="test.BaseTest" name="@AfterTest teardown" time="0.0">
    <ignored/>
  </testcase> <!-- @AfterTest teardown -->
  <testcase classname="test.BaseTest" name="@AfterTest teardown" time="0.0">
    <ignored/>
  </testcase> <!-- @AfterTest teardown -->
  <testcase classname="test.BaseTest" name="@AfterTest teardown" time="0.0">
    <ignored/>
  </testcase> <!-- @AfterTest teardown -->
  <testcase classname="test.BaseTest" name="@AfterTest teardown" time="0.0">
    <ignored/>
  </testcase> <!-- @AfterTest teardown -->
  <testcase classname="test.BaseTest" name="@AfterTest teardown" time="0.0">
    <ignored/>
  </testcase> <!-- @AfterTest teardown -->
  <testcase classname="test.BaseTest" name="@AfterTest teardown" time="0.0">
    <ignored/>
  </testcase> <!-- @AfterTest teardown -->
  <testcase classname="test.BaseTest" name="@AfterTest teardown" time="0.0">
    <ignored/>
  </testcase> <!-- @AfterTest teardown -->
  <testcase classname="test.BaseTest" name="@AfterTest teardown" time="0.0">
    <ignored/>
  </testcase> <!-- @AfterTest teardown -->
  <testcase classname="test.BaseTest" name="@AfterTest teardown" time="0.0">
    <ignored/>
  </testcase> <!-- @AfterTest teardown -->
  <testcase classname="test.BaseTest" name="@AfterTest teardown" time="0.0">
    <ignored/>
  </testcase> <!-- @AfterTest teardown -->
  <testcase classname="test.BaseTest" name="@AfterTest teardown" time="0.0">
    <ignored/>
  </testcase> <!-- @AfterTest teardown -->
  <testcase classname="test.BaseTest" name="@AfterTest teardown" time="0.0">
    <ignored/>
  </testcase> <!-- @AfterTest teardown -->
  <testcase classname="test.BaseTest" name="@AfterTest teardown" time="0.0">
    <ignored/>
  </testcase> <!-- @AfterTest teardown -->
</testsuite> <!-- Test -->
