<?xml version="1.0" encoding="UTF-8"?>
<!-- Generated by org.testng.reporters.JUnitXMLReporter -->
<testsuite ignored="8" hostname="JAMOCHA64" failures="0" tests="9" name="Test" time="172.352" errors="0" timestamp="2024-04-05T12:00:36 IST">
  <testcase classname="test.CategoriesActivityTagsNewOrg.AddActivityTag" name="addActivityTag" time="20.21"/>
  <testcase classname="test.CategoriesActivityTagsNewOrg.ModifyActivityTag" name="modifyActivityTag" time="5.318"/>
  <testcase classname="test.CategoriesActivityTagsNewOrg.DeleteActivityTag" name="deleteActivityTag" time="8.326"/>
  <testcase classname="test.CategoriesActivityTagsNewOrg.ExcelDataValidationForActivityTags" name="excelDataValidationForActivityTags" time="9.345"/>
  <testcase classname="test.CategoriesActivityTagsNewOrg.PDFValidationForActivityTags" name="PDFvalidationForActivityTags" time="6.848"/>
  <testcase classname="test.CategoriesActivityTagsNewOrg.ActivityTagsBulkUploadValidatePrefilldData" name="activityTagsBulkUploadValidatePrefilldData" time="36.994"/>
  <testcase classname="test.CategoriesActivityTagsNewOrg.ActivityTagsBulkUploadAdd" name="activityTagsBulkUploadAdd" time="7.917"/>
  <testcase classname="test.CategoriesActivityTagsNewOrg.ActivityTagsBulkUploadModify" name="activityTagsBulkUploadModify" time="38.102"/>
  <testcase classname="test.CategoriesActivityTagsNewOrg.ActivityTagsBulkUploadDelete" name="activityTagsBulkUploadDelete" time="39.196"/>
  <testcase classname="test.BaseTest" name="@AfterTest teardown" time="0.0">
    <ignored/>
  </testcase> <!-- @AfterTest teardown -->
  <testcase classname="test.BaseTest" name="@AfterTest teardown" time="0.0">
    <ignored/>
  </testcase> <!-- @AfterTest teardown -->
  <testcase classname="test.BaseTest" name="@AfterTest teardown" time="0.0">
    <ignored/>
  </testcase> <!-- @AfterTest teardown -->
  <testcase classname="test.BaseTest" name="@AfterTest teardown" time="0.0">
    <ignored/>
  </testcase> <!-- @AfterTest teardown -->
  <testcase classname="test.BaseTest" name="@AfterTest teardown" time="0.0">
    <ignored/>
  </testcase> <!-- @AfterTest teardown -->
  <testcase classname="test.BaseTest" name="@AfterTest teardown" time="0.0">
    <ignored/>
  </testcase> <!-- @AfterTest teardown -->
  <testcase classname="test.BaseTest" name="@AfterTest teardown" time="0.0">
    <ignored/>
  </testcase> <!-- @AfterTest teardown -->
  <testcase classname="test.BaseTest" name="@AfterTest teardown" time="0.0">
    <ignored/>
  </testcase> <!-- @AfterTest teardown -->
</testsuite> <!-- Test -->
