<?xml version="1.0" encoding="UTF-8"?>
<!-- Generated by org.testng.reporters.JUnitXMLReporter -->
<testsuite ignored="18" hostname="JAMOCHA30" failures="10" tests="39" name="Test" time="140.843" errors="0" timestamp="2024-04-04T15:32:17 IST">
  <testcase classname="test.AssertOptimization.SoftwareDefinitionForSoftwareTagsPdf" name="softwareDefinitationForSoftwareTagsCURD" time="16.389"/>
  <testcase classname="test.AssertOptimization.SoftwareDefinitationForSoftwareTagsCURD" name="softwareDefinitationForSoftwareTagsCURD" time="2.007">
    <skipped/>
  </testcase> <!-- softwareDefinitationForSoftwareTagsCURD -->
  <testcase classname="test.AssertOptimization.SoftwareDefinitationForSoftwareTagsCURD" name="softwareDefinitationForSoftwareTagsCURD" time="0.371">
    <skipped/>
  </testcase> <!-- softwareDefinitationForSoftwareTagsCURD -->
  <testcase classname="test.AssertOptimization.SoftwareDefinitationForSoftwareTagsCURD" name="softwareDefinitationForSoftwareTagsCURD" time="0.845">
    <failure type="java.lang.NullPointerException" message="Cannot invoke &amp;quot;com.aventstack.extentreports.ExtentTest.log(com.aventstack.extentreports.Status, String)&amp;quot; because the return value of &amp;quot;java.lang.ThreadLocal.get()&amp;quot; is null">
      <![CDATA[java.lang.NullPointerException: Cannot invoke "com.aventstack.extentreports.ExtentTest.log(com.aventstack.extentreports.Status, String)" because the return value of "java.lang.ThreadLocal.get()" is null
at test.Listeners.testStepDescription(Listeners.java:69)
at test.AssertOptimization.SoftwareDefinitationForSoftwareTagsCURD.softwareDefinitationForSoftwareTagsCURD(SoftwareDefinitationForSoftwareTagsCURD.java:36)
at java.base/java.util.ArrayList.forEach(ArrayList.java:1511)
... Removed 27 stack frames]]>
    </failure>
  </testcase> <!-- softwareDefinitationForSoftwareTagsCURD -->
  <testcase classname="test.AssertOptimization.SoftwareDefinitionPdfExport" name="softwareDefinitation" time="13.384"/>
  <testcase classname="test.AssertOptimization.SoftwareDefinitationExcelExport" name="softwareDefinitation" time="13.25"/>
  <testcase classname="test.AssertOptimization.SoftwareDefinitationWithMissingAssociatedProcessesField" name="softwareDefinitationWithMissingAssociatedProcessesField" time="0.663">
    <skipped/>
  </testcase> <!-- softwareDefinitationWithMissingAssociatedProcessesField -->
  <testcase classname="test.AssertOptimization.SoftwareDefinitationWithMissingAssociatedProcessesField" name="softwareDefinitationWithMissingAssociatedProcessesField" time="0.409">
    <skipped/>
  </testcase> <!-- softwareDefinitationWithMissingAssociatedProcessesField -->
  <testcase classname="test.AssertOptimization.SoftwareDefinitationWithMissingAssociatedProcessesField" name="softwareDefinitationWithMissingAssociatedProcessesField" time="0.558">
    <failure type="java.lang.NullPointerException" message="Cannot invoke &amp;quot;com.aventstack.extentreports.ExtentTest.log(com.aventstack.extentreports.Status, String)&amp;quot; because the return value of &amp;quot;java.lang.ThreadLocal.get()&amp;quot; is null">
      <![CDATA[java.lang.NullPointerException: Cannot invoke "com.aventstack.extentreports.ExtentTest.log(com.aventstack.extentreports.Status, String)" because the return value of "java.lang.ThreadLocal.get()" is null
at test.Listeners.testStepDescription(Listeners.java:69)
at test.AssertOptimization.SoftwareDefinitationWithMissingAssociatedProcessesField.softwareDefinitationWithMissingAssociatedProcessesField(SoftwareDefinitationWithMissingAssociatedProcessesField.java:35)
at java.base/java.util.ArrayList.forEach(ArrayList.java:1511)
... Removed 27 stack frames]]>
    </failure>
  </testcase> <!-- softwareDefinitationWithMissingAssociatedProcessesField -->
  <testcase classname="test.AssertOptimization.SoftwareDefinitationWithMissingNameField" name="softwareDefinitationWithMissingNameField" time="0.518">
    <skipped/>
  </testcase> <!-- softwareDefinitationWithMissingNameField -->
  <testcase classname="test.AssertOptimization.SoftwareDefinitationWithMissingNameField" name="softwareDefinitationWithMissingNameField" time="0.612">
    <skipped/>
  </testcase> <!-- softwareDefinitationWithMissingNameField -->
  <testcase classname="test.AssertOptimization.SoftwareDefinitationWithMissingNameField" name="softwareDefinitationWithMissingNameField" time="0.412">
    <failure type="java.lang.NullPointerException" message="Cannot invoke &amp;quot;com.aventstack.extentreports.ExtentTest.log(com.aventstack.extentreports.Status, String)&amp;quot; because the return value of &amp;quot;java.lang.ThreadLocal.get()&amp;quot; is null">
      <![CDATA[java.lang.NullPointerException: Cannot invoke "com.aventstack.extentreports.ExtentTest.log(com.aventstack.extentreports.Status, String)" because the return value of "java.lang.ThreadLocal.get()" is null
at test.Listeners.testStepDescription(Listeners.java:69)
at test.AssertOptimization.SoftwareDefinitationWithMissingNameField.softwareDefinitationWithMissingNameField(SoftwareDefinitationWithMissingNameField.java:35)
at java.base/java.util.ArrayList.forEach(ArrayList.java:1511)
... Removed 27 stack frames]]>
    </failure>
  </testcase> <!-- softwareDefinitationWithMissingNameField -->
  <testcase classname="test.AssertOptimization.SoftwareDefinitationForSoftwareTagsClear" name="softwareDefinitationForSoftwareTagsCURD" time="10.204"/>
  <testcase classname="test.AssertOptimization.SoftwareDefinitationClear" name="softwareDefinitationClear" time="0.591">
    <skipped/>
  </testcase> <!-- softwareDefinitationClear -->
  <testcase classname="test.AssertOptimization.SoftwareDefinitationClear" name="softwareDefinitationClear" time="0.445">
    <skipped/>
  </testcase> <!-- softwareDefinitationClear -->
  <testcase classname="test.AssertOptimization.SoftwareDefinitationClear" name="softwareDefinitationClear" time="0.814">
    <failure type="java.lang.NullPointerException" message="Cannot invoke &amp;quot;com.aventstack.extentreports.ExtentTest.log(com.aventstack.extentreports.Status, String)&amp;quot; because the return value of &amp;quot;java.lang.ThreadLocal.get()&amp;quot; is null">
      <![CDATA[java.lang.NullPointerException: Cannot invoke "com.aventstack.extentreports.ExtentTest.log(com.aventstack.extentreports.Status, String)" because the return value of "java.lang.ThreadLocal.get()" is null
at test.Listeners.testStepDescription(Listeners.java:69)
at test.AssertOptimization.SoftwareDefinitationClear.softwareDefinitationClear(SoftwareDefinitationClear.java:35)
at java.base/java.util.ArrayList.forEach(ArrayList.java:1511)
... Removed 27 stack frames]]>
    </failure>
  </testcase> <!-- softwareDefinitationClear -->
  <testcase classname="test.AssertOptimization.SoftwareDefinitationCURD" name="softwareDefinitation" time="0.488">
    <skipped/>
  </testcase> <!-- softwareDefinitation -->
  <testcase classname="test.AssertOptimization.SoftwareDefinitationCURD" name="softwareDefinitation" time="0.486">
    <skipped/>
  </testcase> <!-- softwareDefinitation -->
  <testcase classname="test.AssertOptimization.SoftwareDefinitationCURD" name="softwareDefinitation" time="0.938">
    <failure type="java.lang.NullPointerException" message="Cannot invoke &amp;quot;com.aventstack.extentreports.ExtentTest.log(com.aventstack.extentreports.Status, String)&amp;quot; because the return value of &amp;quot;java.lang.ThreadLocal.get()&amp;quot; is null">
      <![CDATA[java.lang.NullPointerException: Cannot invoke "com.aventstack.extentreports.ExtentTest.log(com.aventstack.extentreports.Status, String)" because the return value of "java.lang.ThreadLocal.get()" is null
at test.Listeners.testStepDescription(Listeners.java:69)
at test.AssertOptimization.SoftwareDefinitationCURD.softwareDefinitation(SoftwareDefinitationCURD.java:36)
at java.base/java.util.ArrayList.forEach(ArrayList.java:1511)
... Removed 27 stack frames]]>
    </failure>
  </testcase> <!-- softwareDefinitation -->
  <testcase classname="test.AssertOptimization.SoftwareDefinitationForSoftwareTagsWithMissingSoftwareTag" name="softwareDefinitationForSoftwareTagsCURD" time="0.484">
    <skipped/>
  </testcase> <!-- softwareDefinitationForSoftwareTagsCURD -->
  <testcase classname="test.AssertOptimization.SoftwareDefinitationForSoftwareTagsWithMissingSoftwareTag" name="softwareDefinitationForSoftwareTagsCURD" time="0.456">
    <skipped/>
  </testcase> <!-- softwareDefinitationForSoftwareTagsCURD -->
  <testcase classname="test.AssertOptimization.SoftwareDefinitationForSoftwareTagsWithMissingSoftwareTag" name="softwareDefinitationForSoftwareTagsCURD" time="0.434">
    <failure type="java.lang.NullPointerException" message="Cannot invoke &amp;quot;com.aventstack.extentreports.ExtentTest.log(com.aventstack.extentreports.Status, String)&amp;quot; because the return value of &amp;quot;java.lang.ThreadLocal.get()&amp;quot; is null">
      <![CDATA[java.lang.NullPointerException: Cannot invoke "com.aventstack.extentreports.ExtentTest.log(com.aventstack.extentreports.Status, String)" because the return value of "java.lang.ThreadLocal.get()" is null
at test.Listeners.testStepDescription(Listeners.java:69)
at test.AssertOptimization.SoftwareDefinitationForSoftwareTagsWithMissingSoftwareTag.softwareDefinitationForSoftwareTagsCURD(SoftwareDefinitationForSoftwareTagsWithMissingSoftwareTag.java:34)
at java.base/java.util.ArrayList.forEach(ArrayList.java:1511)
... Removed 27 stack frames]]>
    </failure>
  </testcase> <!-- softwareDefinitationForSoftwareTagsCURD -->
  <testcase classname="test.AssertOptimization.WorkStationGroupsCURD" name="workStationGroups" time="0.433">
    <skipped/>
  </testcase> <!-- workStationGroups -->
  <testcase classname="test.AssertOptimization.WorkStationGroupsCURD" name="workStationGroups" time="0.522">
    <skipped/>
  </testcase> <!-- workStationGroups -->
  <testcase classname="test.AssertOptimization.WorkStationGroupsCURD" name="workStationGroups" time="0.744">
    <failure type="java.lang.NullPointerException" message="Cannot invoke &amp;quot;com.aventstack.extentreports.ExtentTest.log(com.aventstack.extentreports.Status, String)&amp;quot; because the return value of &amp;quot;java.lang.ThreadLocal.get()&amp;quot; is null">
      <![CDATA[java.lang.NullPointerException: Cannot invoke "com.aventstack.extentreports.ExtentTest.log(com.aventstack.extentreports.Status, String)" because the return value of "java.lang.ThreadLocal.get()" is null
at test.Listeners.testStepDescription(Listeners.java:69)
at test.AssertOptimization.WorkStationGroupsCURD.workStationGroups(WorkStationGroupsCURD.java:35)
at java.base/java.util.ArrayList.forEach(ArrayList.java:1511)
... Removed 27 stack frames]]>
    </failure>
  </testcase> <!-- workStationGroups -->
  <testcase classname="test.AssertOptimization.WorkStationwithMissingNameFiled" name="workStationwithMissingNameFiled" time="0.418">
    <skipped/>
  </testcase> <!-- workStationwithMissingNameFiled -->
  <testcase classname="test.AssertOptimization.WorkStationwithMissingNameFiled" name="workStationwithMissingNameFiled" time="0.175">
    <skipped/>
  </testcase> <!-- workStationwithMissingNameFiled -->
  <testcase classname="test.AssertOptimization.WorkStationwithMissingNameFiled" name="workStationwithMissingNameFiled" time="0.645">
    <failure type="java.lang.NullPointerException" message="Cannot invoke &amp;quot;com.aventstack.extentreports.ExtentTest.log(com.aventstack.extentreports.Status, String)&amp;quot; because the return value of &amp;quot;java.lang.ThreadLocal.get()&amp;quot; is null">
      <![CDATA[java.lang.NullPointerException: Cannot invoke "com.aventstack.extentreports.ExtentTest.log(com.aventstack.extentreports.Status, String)" because the return value of "java.lang.ThreadLocal.get()" is null
at test.Listeners.testStepDescription(Listeners.java:69)
at test.AssertOptimization.WorkStationwithMissingNameFiled.workStationwithMissingNameFiled(WorkStationwithMissingNameFiled.java:33)
at java.base/java.util.ArrayList.forEach(ArrayList.java:1511)
... Removed 27 stack frames]]>
    </failure>
  </testcase> <!-- workStationwithMissingNameFiled -->
  <testcase classname="test.AssertOptimization.WorkStationwithMissingScanField" name="workStationwithMissingScanField" time="0.438">
    <skipped/>
  </testcase> <!-- workStationwithMissingScanField -->
  <testcase classname="test.AssertOptimization.WorkStationwithMissingScanField" name="workStationwithMissingScanField" time="0.448">
    <skipped/>
  </testcase> <!-- workStationwithMissingScanField -->
  <testcase classname="test.AssertOptimization.WorkStationwithMissingScanField" name="workStationwithMissingScanField" time="0.414">
    <failure type="java.lang.NullPointerException" message="Cannot invoke &amp;quot;com.aventstack.extentreports.ExtentTest.log(com.aventstack.extentreports.Status, String)&amp;quot; because the return value of &amp;quot;java.lang.ThreadLocal.get()&amp;quot; is null">
      <![CDATA[java.lang.NullPointerException: Cannot invoke "com.aventstack.extentreports.ExtentTest.log(com.aventstack.extentreports.Status, String)" because the return value of "java.lang.ThreadLocal.get()" is null
at test.Listeners.testStepDescription(Listeners.java:69)
at test.AssertOptimization.WorkStationwithMissingScanField.workStationwithMissingScanField(WorkStationwithMissingScanField.java:33)
at java.base/java.util.ArrayList.forEach(ArrayList.java:1511)
... Removed 27 stack frames]]>
    </failure>
  </testcase> <!-- workStationwithMissingScanField -->
  <testcase classname="test.AssertOptimization.SoftwaredefinitionForActivityTagPresent" name="softwareDefinitationForSoftwareTagsCURD" time="18.049"/>
  <testcase classname="test.AssertOptimization.SoftwareDefinitionActivityTagEnableInSoftwareTagPage" name="softwareDefinitionActivityTagEnableInSoftwareTagPage" time="12.227"/>
  <testcase classname="test.AssertOptimization.WorkStationPdfExport" name="workStationGroups" time="14.47"/>
  <testcase classname="test.AssertOptimization.WorkStationExcelExport" name="workStationGroups" time="12.422"/>
  <testcase classname="test.AssertOptimization.SoftwareDefinitionForSoftwareTagsExcelexport" name="softwareDefinitationForSoftwareTagsCURD" time="12.909"/>
  <testcase classname="test.AssertOptimization.WorkStationGroupsClear" name="workStationGroups" time="0.62">
    <skipped/>
  </testcase> <!-- workStationGroups -->
  <testcase classname="test.AssertOptimization.WorkStationGroupsClear" name="workStationGroups" time="0.369">
    <skipped/>
  </testcase> <!-- workStationGroups -->
  <testcase classname="test.AssertOptimization.WorkStationGroupsClear" name="workStationGroups" time="0.424">
    <failure type="java.lang.NullPointerException" message="Cannot invoke &amp;quot;com.aventstack.extentreports.ExtentTest.log(com.aventstack.extentreports.Status, String)&amp;quot; because the return value of &amp;quot;java.lang.ThreadLocal.get()&amp;quot; is null">
      <![CDATA[java.lang.NullPointerException: Cannot invoke "com.aventstack.extentreports.ExtentTest.log(com.aventstack.extentreports.Status, String)" because the return value of "java.lang.ThreadLocal.get()" is null
at test.Listeners.testStepDescription(Listeners.java:69)
at test.AssertOptimization.WorkStationGroupsClear.workStationGroups(WorkStationGroupsClear.java:32)
at java.base/java.util.ArrayList.forEach(ArrayList.java:1511)
... Removed 27 stack frames]]>
    </failure>
  </testcase> <!-- workStationGroups -->
  <testcase classname="test.BaseTest" name="@AfterTest teardown" time="0.0">
    <ignored/>
  </testcase> <!-- @AfterTest teardown -->
  <testcase classname="test.BaseTest" name="@AfterTest teardown" time="0.0">
    <ignored/>
  </testcase> <!-- @AfterTest teardown -->
  <testcase classname="test.BaseTest" name="@AfterTest teardown" time="0.0">
    <ignored/>
  </testcase> <!-- @AfterTest teardown -->
  <testcase classname="test.BaseTest" name="@AfterTest teardown" time="0.0">
    <ignored/>
  </testcase> <!-- @AfterTest teardown -->
  <testcase classname="test.BaseTest" name="@AfterTest teardown" time="0.0">
    <ignored/>
  </testcase> <!-- @AfterTest teardown -->
  <testcase classname="test.BaseTest" name="@AfterTest teardown" time="0.0">
    <ignored/>
  </testcase> <!-- @AfterTest teardown -->
  <testcase classname="test.BaseTest" name="@AfterTest teardown" time="0.0">
    <ignored/>
  </testcase> <!-- @AfterTest teardown -->
  <testcase classname="test.BaseTest" name="@AfterTest teardown" time="0.0">
    <ignored/>
  </testcase> <!-- @AfterTest teardown -->
  <testcase classname="test.BaseTest" name="@AfterTest teardown" time="0.0">
    <ignored/>
  </testcase> <!-- @AfterTest teardown -->
  <testcase classname="test.BaseTest" name="@AfterTest teardown" time="0.0">
    <ignored/>
  </testcase> <!-- @AfterTest teardown -->
  <testcase classname="test.BaseTest" name="@AfterTest teardown" time="0.0">
    <ignored/>
  </testcase> <!-- @AfterTest teardown -->
  <testcase classname="test.BaseTest" name="@AfterTest teardown" time="0.0">
    <ignored/>
  </testcase> <!-- @AfterTest teardown -->
  <testcase classname="test.BaseTest" name="@AfterTest teardown" time="0.0">
    <ignored/>
  </testcase> <!-- @AfterTest teardown -->
  <testcase classname="test.BaseTest" name="@AfterTest teardown" time="0.0">
    <ignored/>
  </testcase> <!-- @AfterTest teardown -->
  <testcase classname="test.BaseTest" name="@AfterTest teardown" time="0.0">
    <ignored/>
  </testcase> <!-- @AfterTest teardown -->
  <testcase classname="test.BaseTest" name="@AfterTest teardown" time="0.0">
    <ignored/>
  </testcase> <!-- @AfterTest teardown -->
  <testcase classname="test.BaseTest" name="@AfterTest teardown" time="0.0">
    <ignored/>
  </testcase> <!-- @AfterTest teardown -->
  <testcase classname="test.BaseTest" name="@AfterTest teardown" time="0.0">
    <ignored/>
  </testcase> <!-- @AfterTest teardown -->
</testsuite> <!-- Test -->
