<?xml version="1.0" encoding="UTF-8"?>
<!-- Generated by org.testng.reporters.JUnitXMLReporter -->
<testsuite ignored="20" hostname="JAMOCHA30" failures="1" tests="25" name="Test" time="499.239" errors="0" timestamp="2024-01-25T18:55:58 IST">
  <testcase classname="UserRoles.UserRolesAddNewMember" name="userRolesAddNewManager" time="14.404"/>
  <testcase classname="UserRoles.UserRolesAddNewManager" name="userRolesAddNewManager" time="16.29"/>
  <testcase classname="UserRoles.UserRolesAddNewManagerDelete" name="userRolesAddNewManagerDelete" time="31.576"/>
  <testcase classname="UserRoles.UserRolesAddNewMemberDelete" name="userRolesAddNewMemberDelete" time="0.228">
    <skipped/>
  </testcase> <!-- userRolesAddNewMemberDelete -->
  <testcase classname="UserRoles.UserRolesAddNewMemberDelete" name="userRolesAddNewMemberDelete" time="24.954"/>
  <testcase classname="UserRoles.UserRoleExcelValidation" name="userRoleExcelValidation" time="18.528"/>
  <testcase classname="UserRoles.UserRolePDFValidation" name="userRolePDFValidation" time="18.829"/>
  <testcase classname="UserRoles.UserRolesBulkUpdate" name="userRolesBulkUpdate" time="28.778"/>
  <testcase classname="UserRoles.UserRolesBulkUpdateMember" name="userRolesBulkUpdateMember" time="26.196"/>
  <testcase classname="UserRoles.UserRolesModifyManagerAllowUserToExportDataPDF" name="userRolesModifyManagerAllowUserToExportDataPDF" time="19.927"/>
  <testcase classname="UserRoles.UserRoleSorting" name="userRoleSorting" time="19.949"/>
  <testcase classname="UserRoles.UserRolesModifyManagerToMeber" name="userRolesModifyManagerToMeber" time="28.571"/>
  <testcase classname="UserRoles.UserRolesModifyMemberToManager" name="userRolesModifyMemberToManager" time="31.897"/>
  <testcase classname="UserRoles.UserRolesModifyManagerAllowUserToExportDataXLS" name="userRolesModifyManagerAllowUserToExportDataXLS" time="19.316"/>
  <testcase classname="UserRoles.UserRolesModifyManagerExportDataPermissionAllowUserToMail" name="userRolesModifyManagerExportDataPermissionAllowUserToMail" time="29.223">
    <skipped/>
  </testcase> <!-- userRolesModifyManagerExportDataPermissionAllowUserToMail -->
  <testcase classname="UserRoles.UserRolesModifyManagerExportDataPermissionAllowUserToMail" name="userRolesModifyManagerExportDataPermissionAllowUserToMail" time="20.235"/>
  <testcase classname="UserRoles.UserRolesModifyManagerExportDataPermissionNotAllowUserToDemandOnMail" name="userRolesModifyManagerExportDataPermissionNotAllowUserToDemandOnMail" time="25.662">
    <skipped/>
  </testcase> <!-- userRolesModifyManagerExportDataPermissionNotAllowUserToDemandOnMail -->
  <testcase classname="UserRoles.UserRolesModifyManagerExportDataPermissionNotAllowUserToDemandOnMail" name="userRolesModifyManagerExportDataPermissionNotAllowUserToDemandOnMail" time="16.063"/>
  <testcase classname="UserRoles.UserRolesModifyManagerModuleSelection" name="userRolesModifyManagerModuleSelection" time="18.512"/>
  <testcase classname="UserRoles.UserRolesModifyMemberModuleSelection" name="userRolesModifyMemberModuleSelection" time="26.38"/>
  <testcase classname="UserRoles.UserRolesModifyMemberHierarchyLevel" name="userRolesModifyMemberHierarchyLevel" time="8.283"/>
  <testcase classname="UserRoles.UserRolesModifyManagerHierarchyLevel" name="userRolesModifyManagerHierarchyLevel" time="8.349"/>
  <testcase classname="UserRoles.UserRolesModifyManagerDontAllowUserToExportDataXLS" name="userRolesModifyManagerDontAllowUserToExportDataXLS" time="24.546">
    <skipped/>
  </testcase> <!-- userRolesModifyManagerDontAllowUserToExportDataXLS -->
  <testcase classname="UserRoles.UserRolesModifyManagerDontAllowUserToExportDataXLS" name="userRolesModifyManagerDontAllowUserToExportDataXLS" time="17.651"/>
  <testcase classname="UserRoles.UserRolesModifyManagerDontAllowUserToExportDataPDF2" name="userRolesModifyManagerDontAllowUserToExportDataPDF2" time="4.647">
    <failure type="org.openqa.selenium.WebDriverException" message="unknown error: net::ERR_CONNECTION_REFUSED
  (Session info: chrome=120.0.6099.227)
Build info: version: &amp;apos;4.13.0&amp;apos;, revision: &amp;apos;ba948ece5b*&amp;apos;
System info: os.name: &amp;apos;Windows 10&amp;apos;, os.arch: &amp;apos;amd64&amp;apos;, os.version: &amp;apos;10.0&amp;apos;, java.version: &amp;apos;17.0.8.1&amp;apos;
Driver info: org.openqa.selenium.chrome.ChromeDriver
Command: [8664267754feff2ddd8f765025a15ff5, get {url=http://10.10.10.250:6688/prohance}]
Capabilities {acceptInsecureCerts: false, browserName: chrome, browserVersion: 120.0.6099.227, chrome: {chromedriverVersion: 120.0.6099.109 (3419140ab66..., userDataDir: C:\Users\pavana.c\AppData\L...}, fedcm:accounts: true, goog:chromeOptions: {debuggerAddress: localhost:53481}, networkConnectionEnabled: false, pageLoadStrategy: normal, platformName: windows, proxy: Proxy(), se:cdp: ws://localhost:53481/devtoo..., se:cdpVersion: 120.0.6099.227, setWindowRect: true, strictFileInteractability: false, timeouts: {implicit: 0, pageLoad: 300000, script: 30000}, unhandledPromptBehavior: dismiss and notify, webauthn:extension:credBlob: true, webauthn:extension:largeBlob: true, webauthn:extension:minPinLength: true, webauthn:extension:prf: true, webauthn:virtualAuthenticators: true}
Session ID: 8664267754feff2ddd8f765025a15ff5">
      <![CDATA[org.openqa.selenium.WebDriverException: unknown error: net::ERR_CONNECTION_REFUSED
  (Session info: chrome=120.0.6099.227)
Build info: version: '4.13.0', revision: 'ba948ece5b*'
System info: os.name: 'Windows 10', os.arch: 'amd64', os.version: '10.0', java.version: '17.0.8.1'
Driver info: org.openqa.selenium.chrome.ChromeDriver
Command: [8664267754feff2ddd8f765025a15ff5, get {url=http://10.10.10.250:6688/prohance}]
Capabilities {acceptInsecureCerts: false, browserName: chrome, browserVersion: 120.0.6099.227, chrome: {chromedriverVersion: 120.0.6099.109 (3419140ab66..., userDataDir: C:\Users\pavana.c\AppData\L...}, fedcm:accounts: true, goog:chromeOptions: {debuggerAddress: localhost:53481}, networkConnectionEnabled: false, pageLoadStrategy: normal, platformName: windows, proxy: Proxy(), se:cdp: ws://localhost:53481/devtoo..., se:cdpVersion: 120.0.6099.227, setWindowRect: true, strictFileInteractability: false, timeouts: {implicit: 0, pageLoad: 300000, script: 30000}, unhandledPromptBehavior: dismiss and notify, webauthn:extension:credBlob: true, webauthn:extension:largeBlob: true, webauthn:extension:minPinLength: true, webauthn:extension:prf: true, webauthn:virtualAuthenticators: true}
Session ID: 8664267754feff2ddd8f765025a15ff5
at org.openqa.selenium.remote.codec.w3c.W3CHttpResponseCodec.createException(W3CHttpResponseCodec.java:200)
at org.openqa.selenium.remote.codec.w3c.W3CHttpResponseCodec.decode(W3CHttpResponseCodec.java:133)
at org.openqa.selenium.remote.codec.w3c.W3CHttpResponseCodec.decode(W3CHttpResponseCodec.java:52)
at org.openqa.selenium.remote.HttpCommandExecutor.execute(HttpCommandExecutor.java:191)
at org.openqa.selenium.remote.service.DriverCommandExecutor.invokeExecute(DriverCommandExecutor.java:196)
at org.openqa.selenium.remote.service.DriverCommandExecutor.execute(DriverCommandExecutor.java:171)
at org.openqa.selenium.remote.RemoteWebDriver.execute(RemoteWebDriver.java:602)
at org.openqa.selenium.remote.RemoteWebDriver.get(RemoteWebDriver.java:304)
at test.BaseTest.initializeDriver6688(BaseTest.java:72)
at UserRoles.UserRolesModifyManagerDontAllowUserToExportDataPDF2.userRolesModifyManagerDontAllowUserToExportDataPDF2(UserRolesModifyManagerDontAllowUserToExportDataPDF2.java:39)
at java.base/java.util.ArrayList.forEach(ArrayList.java:1511)
... Removed 32 stack frames]]>
    </failure>
  </testcase> <!-- userRolesModifyManagerDontAllowUserToExportDataPDF2 -->
  <testcase classname="test.BaseTest" name="@AfterTest teardown" time="0.0">
    <ignored/>
  </testcase> <!-- @AfterTest teardown -->
  <testcase classname="test.BaseTest" name="@AfterTest teardown" time="0.0">
    <ignored/>
  </testcase> <!-- @AfterTest teardown -->
  <testcase classname="test.BaseTest" name="@AfterTest teardown" time="0.0">
    <ignored/>
  </testcase> <!-- @AfterTest teardown -->
  <testcase classname="test.BaseTest" name="@AfterTest teardown" time="0.0">
    <ignored/>
  </testcase> <!-- @AfterTest teardown -->
  <testcase classname="test.BaseTest" name="@AfterTest teardown" time="0.0">
    <ignored/>
  </testcase> <!-- @AfterTest teardown -->
  <testcase classname="test.BaseTest" name="@AfterTest teardown" time="0.0">
    <ignored/>
  </testcase> <!-- @AfterTest teardown -->
  <testcase classname="test.BaseTest" name="@AfterTest teardown" time="0.0">
    <ignored/>
  </testcase> <!-- @AfterTest teardown -->
  <testcase classname="test.BaseTest" name="@AfterTest teardown" time="0.0">
    <ignored/>
  </testcase> <!-- @AfterTest teardown -->
  <testcase classname="test.BaseTest" name="@AfterTest teardown" time="0.0">
    <ignored/>
  </testcase> <!-- @AfterTest teardown -->
  <testcase classname="test.BaseTest" name="@AfterTest teardown" time="0.0">
    <ignored/>
  </testcase> <!-- @AfterTest teardown -->
  <testcase classname="test.BaseTest" name="@AfterTest teardown" time="0.0">
    <ignored/>
  </testcase> <!-- @AfterTest teardown -->
  <testcase classname="test.BaseTest" name="@AfterTest teardown" time="0.0">
    <ignored/>
  </testcase> <!-- @AfterTest teardown -->
  <testcase classname="test.BaseTest" name="@AfterTest teardown" time="0.0">
    <ignored/>
  </testcase> <!-- @AfterTest teardown -->
  <testcase classname="test.BaseTest" name="@AfterTest teardown" time="0.0">
    <ignored/>
  </testcase> <!-- @AfterTest teardown -->
  <testcase classname="test.BaseTest" name="@AfterTest teardown" time="0.0">
    <ignored/>
  </testcase> <!-- @AfterTest teardown -->
  <testcase classname="test.BaseTest" name="@AfterTest teardown" time="0.0">
    <ignored/>
  </testcase> <!-- @AfterTest teardown -->
  <testcase classname="test.BaseTest" name="@AfterTest teardown" time="0.0">
    <ignored/>
  </testcase> <!-- @AfterTest teardown -->
  <testcase classname="test.BaseTest" name="@AfterTest teardown" time="0.0">
    <ignored/>
  </testcase> <!-- @AfterTest teardown -->
  <testcase classname="test.BaseTest" name="@AfterTest teardown" time="0.0">
    <ignored/>
  </testcase> <!-- @AfterTest teardown -->
  <testcase classname="test.BaseTest" name="@AfterTest teardown" time="0.0">
    <ignored/>
  </testcase> <!-- @AfterTest teardown -->
</testsuite> <!-- Test -->
