<?xml version="1.0" encoding="UTF-8"?>
<!-- Generated by org.testng.reporters.JUnitXMLReporter -->
<testsuite ignored="12" hostname="JAMOCHA64" failures="0" tests="13" name="Test" time="117.273" errors="0" timestamp="2024-04-05T12:50:02 IST">
  <testcase classname="test.WorkTemplateAddModifyDelete.WorkTemplateAdd" name="workTemplateAdd" time="13.529"/>
  <testcase classname="test.WorkTemplateAddModifyDelete.WorkTemplateModify" name="workTemplateModify" time="9.499"/>
  <testcase classname="test.WorkTemplateAddModifyDelete.WorkTemplateDelete" name="workTemplateDelete" time="19.207"/>
  <testcase classname="test.WorkTemplateAddModifyDelete.WorkTemplateDefineDayTypesAdd" name="defineDayTypeAdd" time="4.301"/>
  <testcase classname="test.WorkTemplateAddModifyDelete.WorkTemplateDefineDayTypesModify" name="defineDayTypeModify" time="3.539"/>
  <testcase classname="test.WorkTemplateAddModifyDelete.WorkTemplateDefineDayTypesDelete" name="defineDayTypeDelete" time="14.353"/>
  <testcase classname="test.WorkTemplateAddModifyDelete.WorkTemplatePDFValidation" name="workTemplatePDFValidation" time="5.374"/>
  <testcase classname="test.WorkTemplateAddModifyDelete.WorkTemplateExcelValidation" name="workTemplateExcelValidation" time="5.917"/>
  <testcase classname="test.WorkTemplateAddModifyDelete.DayTypeAddDuplicateValidation" name="addDuplicateValidation" time="15.375"/>
  <testcase classname="test.WorkTemplateAddModifyDelete.DefineDayTypeClearButtonValditaion" name="validateClearButton" time="3.657"/>
  <testcase classname="test.WorkTemplateAddModifyDelete.EmptyDayTypeAndAliasValidation" name="emptyDayTypeAndAliasValidation" time="5.341"/>
  <testcase classname="test.WorkTemplateAddModifyDelete.WorkTemplateValidateRecordsToDisplay" name="workTemplatePDFValidation" time="12.377"/>
  <testcase classname="test.WorkTemplateAddModifyDelete.WorkTemplateTableSortingValidation" name="workTemplateTableSortingValidation" time="4.753"/>
  <testcase classname="test.BaseTest" name="@AfterTest teardown" time="0.0">
    <ignored/>
  </testcase> <!-- @AfterTest teardown -->
  <testcase classname="test.BaseTest" name="@AfterTest teardown" time="0.0">
    <ignored/>
  </testcase> <!-- @AfterTest teardown -->
  <testcase classname="test.BaseTest" name="@AfterTest teardown" time="0.0">
    <ignored/>
  </testcase> <!-- @AfterTest teardown -->
  <testcase classname="test.BaseTest" name="@AfterTest teardown" time="0.0">
    <ignored/>
  </testcase> <!-- @AfterTest teardown -->
  <testcase classname="test.BaseTest" name="@AfterTest teardown" time="0.0">
    <ignored/>
  </testcase> <!-- @AfterTest teardown -->
  <testcase classname="test.BaseTest" name="@AfterTest teardown" time="0.0">
    <ignored/>
  </testcase> <!-- @AfterTest teardown -->
  <testcase classname="test.BaseTest" name="@AfterTest teardown" time="0.0">
    <ignored/>
  </testcase> <!-- @AfterTest teardown -->
  <testcase classname="test.BaseTest" name="@AfterTest teardown" time="0.0">
    <ignored/>
  </testcase> <!-- @AfterTest teardown -->
  <testcase classname="test.BaseTest" name="@AfterTest teardown" time="0.0">
    <ignored/>
  </testcase> <!-- @AfterTest teardown -->
  <testcase classname="test.BaseTest" name="@AfterTest teardown" time="0.0">
    <ignored/>
  </testcase> <!-- @AfterTest teardown -->
  <testcase classname="test.BaseTest" name="@AfterTest teardown" time="0.0">
    <ignored/>
  </testcase> <!-- @AfterTest teardown -->
  <testcase classname="test.BaseTest" name="@AfterTest teardown" time="0.0">
    <ignored/>
  </testcase> <!-- @AfterTest teardown -->
</testsuite> <!-- Test -->
