<?xml version="1.0" encoding="UTF-8"?>
<testng-results ignored="0" total="1" passed="1" failed="0" skipped="0">
  <reporter-output>
  </reporter-output>
  <suite started-at="2024-04-02T16:37:16 IST" name="Default suite" finished-at="2024-04-02T16:38:17 IST" duration-ms="60729">
    <groups>
    </groups>
    <test started-at="2024-04-02T16:37:16 IST" name="Default test" finished-at="2024-04-02T16:38:17 IST" duration-ms="60729">
      <class name="UserRoles.UserRolesModifyManagerAllowUserToExportDataXLS">
        <test-method signature="userRolesModifyManagerAllowUserToExportDataXLS()[pri:0, instance:UserRoles.UserRolesModifyManagerAllowUserToExportDataXLS@2903c6ff]" started-at="2024-04-02T16:37:16 IST" name="userRolesModifyManagerAllowUserToExportDataXLS" finished-at="2024-04-02T16:38:17 IST" duration-ms="60648" status="PASS">
          <reporter-output>
          </reporter-output>
        </test-method> <!-- userRolesModifyManagerAllowUserToExportDataXLS -->
        <test-method is-config="true" signature="teardown()[pri:0, instance:UserRoles.UserRolesModifyManagerAllowUserToExportDataXLS@2903c6ff]" started-at="2024-04-02T16:38:17 IST" name="teardown" finished-at="2024-04-02T16:38:17 IST" duration-ms="1" status="PASS">
          <reporter-output>
          </reporter-output>
        </test-method> <!-- teardown -->
      </class> <!-- UserRoles.UserRolesModifyManagerAllowUserToExportDataXLS -->
    </test> <!-- Default test -->
  </suite> <!-- Default suite -->
</testng-results>
