<?xml version="1.0" encoding="UTF-8"?>
<!-- Generated by org.testng.reporters.JUnitXMLReporter -->
<testsuite ignored="7" hostname="JAMOCHA64" failures="8" tests="24" name="Test" time="0.053" errors="0" timestamp="2024-01-30T11:01:49 IST">
  <testcase classname="test.UserGroupInMysqlAddModifyDeleteWithBulkUploadAndValidateOfflineReports.AddUserGroupInMysql" name="addUserGroupInMysql" time="0.001">
    <skipped/>
  </testcase> <!-- addUserGroupInMysql -->
  <testcase classname="test.UserGroupInMysqlAddModifyDeleteWithBulkUploadAndValidateOfflineReports.AddUserGroupInMysql" name="addUserGroupInMysql" time="0.001">
    <skipped/>
  </testcase> <!-- addUserGroupInMysql -->
  <testcase classname="test.UserGroupInMysqlAddModifyDeleteWithBulkUploadAndValidateOfflineReports.AddUserGroupInMysql" name="addUserGroupInMysql" time="0.001">
    <failure type="org.openqa.selenium.NoSuchSessionException" message="Session ID is null. Using WebDriver after calling quit()?
Build info: version: &amp;apos;4.13.0&amp;apos;, revision: &amp;apos;ba948ece5b*&amp;apos;
System info: os.name: &amp;apos;Windows 10&amp;apos;, os.arch: &amp;apos;amd64&amp;apos;, os.version: &amp;apos;10.0&amp;apos;, java.version: &amp;apos;12.0.2&amp;apos;
Driver info: org.openqa.selenium.chrome.ChromeDriver
Command: [null, maximizeCurrentWindow {}]
Capabilities {acceptInsecureCerts: false, browserName: chrome, browserVersion: 120.0.6099.225, chrome: {chromedriverVersion: 119.0.6045.105 (38c72552c5e..., userDataDir: C:\Users\mahesh.d\AppData\L...}, fedcm:accounts: true, goog:chromeOptions: {debuggerAddress: localhost:53190}, networkConnectionEnabled: false, pageLoadStrategy: normal, platformName: windows, proxy: Proxy(), se:cdp: ws://localhost:53190/devtoo..., se:cdpVersion: 120.0.6099.225, setWindowRect: true, strictFileInteractability: false, timeouts: {implicit: 0, pageLoad: 300000, script: 30000}, unhandledPromptBehavior: dismiss and notify, webauthn:extension:credBlob: true, webauthn:extension:largeBlob: true, webauthn:extension:minPinLength: true, webauthn:extension:prf: true, webauthn:virtualAuthenticators: true}">
      <![CDATA[org.openqa.selenium.NoSuchSessionException: Session ID is null. Using WebDriver after calling quit()?
Build info: version: '4.13.0', revision: 'ba948ece5b*'
System info: os.name: 'Windows 10', os.arch: 'amd64', os.version: '10.0', java.version: '12.0.2'
Driver info: org.openqa.selenium.chrome.ChromeDriver
Command: [null, maximizeCurrentWindow {}]
Capabilities {acceptInsecureCerts: false, browserName: chrome, browserVersion: 120.0.6099.225, chrome: {chromedriverVersion: 119.0.6045.105 (38c72552c5e..., userDataDir: C:\Users\mahesh.d\AppData\L...}, fedcm:accounts: true, goog:chromeOptions: {debuggerAddress: localhost:53190}, networkConnectionEnabled: false, pageLoadStrategy: normal, platformName: windows, proxy: Proxy(), se:cdp: ws://localhost:53190/devtoo..., se:cdpVersion: 120.0.6099.225, setWindowRect: true, strictFileInteractability: false, timeouts: {implicit: 0, pageLoad: 300000, script: 30000}, unhandledPromptBehavior: dismiss and notify, webauthn:extension:credBlob: true, webauthn:extension:largeBlob: true, webauthn:extension:minPinLength: true, webauthn:extension:prf: true, webauthn:virtualAuthenticators: true}
at org.openqa.selenium.remote.HttpCommandExecutor.execute(HttpCommandExecutor.java:152)
at org.openqa.selenium.remote.service.DriverCommandExecutor.invokeExecute(DriverCommandExecutor.java:196)
at org.openqa.selenium.remote.service.DriverCommandExecutor.execute(DriverCommandExecutor.java:171)
at org.openqa.selenium.remote.RemoteWebDriver.execute(RemoteWebDriver.java:602)
at org.openqa.selenium.remote.RemoteWebDriver.execute(RemoteWebDriver.java:675)
at org.openqa.selenium.remote.RemoteWebDriver.execute(RemoteWebDriver.java:679)
at org.openqa.selenium.remote.RemoteWebDriver$RemoteWebDriverOptions$RemoteWindow.maximize(RemoteWebDriver.java:1063)
at test.BaseTest.initializeDriverMysql(BaseTest.java:48)
at test.UserGroupInMysqlAddModifyDeleteWithBulkUploadAndValidateOfflineReports.AddUserGroupInMysql.addUserGroupInMysql(AddUserGroupInMysql.java:43)
at java.base/java.util.ArrayList.forEach(ArrayList.java:1540)
... Removed 28 stack frames]]>
    </failure>
  </testcase> <!-- addUserGroupInMysql -->
  <testcase classname="test.UserGroupInMysqlAddModifyDeleteWithBulkUploadAndValidateOfflineReports.ModifyUserGroupInMysql" name="modifyUserGroupInMysql" time="0.002">
    <skipped/>
  </testcase> <!-- modifyUserGroupInMysql -->
  <testcase classname="test.UserGroupInMysqlAddModifyDeleteWithBulkUploadAndValidateOfflineReports.ModifyUserGroupInMysql" name="modifyUserGroupInMysql" time="0.001">
    <skipped/>
  </testcase> <!-- modifyUserGroupInMysql -->
  <testcase classname="test.UserGroupInMysqlAddModifyDeleteWithBulkUploadAndValidateOfflineReports.ModifyUserGroupInMysql" name="modifyUserGroupInMysql" time="0.001">
    <failure type="org.openqa.selenium.NoSuchSessionException" message="Session ID is null. Using WebDriver after calling quit()?
Build info: version: &amp;apos;4.13.0&amp;apos;, revision: &amp;apos;ba948ece5b*&amp;apos;
System info: os.name: &amp;apos;Windows 10&amp;apos;, os.arch: &amp;apos;amd64&amp;apos;, os.version: &amp;apos;10.0&amp;apos;, java.version: &amp;apos;12.0.2&amp;apos;
Driver info: org.openqa.selenium.chrome.ChromeDriver
Command: [null, maximizeCurrentWindow {}]
Capabilities {acceptInsecureCerts: false, browserName: chrome, browserVersion: 120.0.6099.225, chrome: {chromedriverVersion: 119.0.6045.105 (38c72552c5e..., userDataDir: C:\Users\mahesh.d\AppData\L...}, fedcm:accounts: true, goog:chromeOptions: {debuggerAddress: localhost:53190}, networkConnectionEnabled: false, pageLoadStrategy: normal, platformName: windows, proxy: Proxy(), se:cdp: ws://localhost:53190/devtoo..., se:cdpVersion: 120.0.6099.225, setWindowRect: true, strictFileInteractability: false, timeouts: {implicit: 0, pageLoad: 300000, script: 30000}, unhandledPromptBehavior: dismiss and notify, webauthn:extension:credBlob: true, webauthn:extension:largeBlob: true, webauthn:extension:minPinLength: true, webauthn:extension:prf: true, webauthn:virtualAuthenticators: true}">
      <![CDATA[org.openqa.selenium.NoSuchSessionException: Session ID is null. Using WebDriver after calling quit()?
Build info: version: '4.13.0', revision: 'ba948ece5b*'
System info: os.name: 'Windows 10', os.arch: 'amd64', os.version: '10.0', java.version: '12.0.2'
Driver info: org.openqa.selenium.chrome.ChromeDriver
Command: [null, maximizeCurrentWindow {}]
Capabilities {acceptInsecureCerts: false, browserName: chrome, browserVersion: 120.0.6099.225, chrome: {chromedriverVersion: 119.0.6045.105 (38c72552c5e..., userDataDir: C:\Users\mahesh.d\AppData\L...}, fedcm:accounts: true, goog:chromeOptions: {debuggerAddress: localhost:53190}, networkConnectionEnabled: false, pageLoadStrategy: normal, platformName: windows, proxy: Proxy(), se:cdp: ws://localhost:53190/devtoo..., se:cdpVersion: 120.0.6099.225, setWindowRect: true, strictFileInteractability: false, timeouts: {implicit: 0, pageLoad: 300000, script: 30000}, unhandledPromptBehavior: dismiss and notify, webauthn:extension:credBlob: true, webauthn:extension:largeBlob: true, webauthn:extension:minPinLength: true, webauthn:extension:prf: true, webauthn:virtualAuthenticators: true}
at org.openqa.selenium.remote.HttpCommandExecutor.execute(HttpCommandExecutor.java:152)
at org.openqa.selenium.remote.service.DriverCommandExecutor.invokeExecute(DriverCommandExecutor.java:196)
at org.openqa.selenium.remote.service.DriverCommandExecutor.execute(DriverCommandExecutor.java:171)
at org.openqa.selenium.remote.RemoteWebDriver.execute(RemoteWebDriver.java:602)
at org.openqa.selenium.remote.RemoteWebDriver.execute(RemoteWebDriver.java:675)
at org.openqa.selenium.remote.RemoteWebDriver.execute(RemoteWebDriver.java:679)
at org.openqa.selenium.remote.RemoteWebDriver$RemoteWebDriverOptions$RemoteWindow.maximize(RemoteWebDriver.java:1063)
at test.BaseTest.initializeDriverMysql(BaseTest.java:48)
at test.UserGroupInMysqlAddModifyDeleteWithBulkUploadAndValidateOfflineReports.ModifyUserGroupInMysql.modifyUserGroupInMysql(ModifyUserGroupInMysql.java:41)
at java.base/java.util.ArrayList.forEach(ArrayList.java:1540)
... Removed 28 stack frames]]>
    </failure>
  </testcase> <!-- modifyUserGroupInMysql -->
  <testcase classname="test.UserGroupInMysqlAddModifyDeleteWithBulkUploadAndValidateOfflineReports.DeleteUserGroupInMysql" name="deleteUserGroupInMysql" time="0.002">
    <skipped/>
  </testcase> <!-- deleteUserGroupInMysql -->
  <testcase classname="test.UserGroupInMysqlAddModifyDeleteWithBulkUploadAndValidateOfflineReports.DeleteUserGroupInMysql" name="deleteUserGroupInMysql" time="0.001">
    <skipped/>
  </testcase> <!-- deleteUserGroupInMysql -->
  <testcase classname="test.UserGroupInMysqlAddModifyDeleteWithBulkUploadAndValidateOfflineReports.DeleteUserGroupInMysql" name="deleteUserGroupInMysql" time="0.001">
    <failure type="org.openqa.selenium.NoSuchSessionException" message="Session ID is null. Using WebDriver after calling quit()?
Build info: version: &amp;apos;4.13.0&amp;apos;, revision: &amp;apos;ba948ece5b*&amp;apos;
System info: os.name: &amp;apos;Windows 10&amp;apos;, os.arch: &amp;apos;amd64&amp;apos;, os.version: &amp;apos;10.0&amp;apos;, java.version: &amp;apos;12.0.2&amp;apos;
Driver info: org.openqa.selenium.chrome.ChromeDriver
Command: [null, maximizeCurrentWindow {}]
Capabilities {acceptInsecureCerts: false, browserName: chrome, browserVersion: 120.0.6099.225, chrome: {chromedriverVersion: 119.0.6045.105 (38c72552c5e..., userDataDir: C:\Users\mahesh.d\AppData\L...}, fedcm:accounts: true, goog:chromeOptions: {debuggerAddress: localhost:53190}, networkConnectionEnabled: false, pageLoadStrategy: normal, platformName: windows, proxy: Proxy(), se:cdp: ws://localhost:53190/devtoo..., se:cdpVersion: 120.0.6099.225, setWindowRect: true, strictFileInteractability: false, timeouts: {implicit: 0, pageLoad: 300000, script: 30000}, unhandledPromptBehavior: dismiss and notify, webauthn:extension:credBlob: true, webauthn:extension:largeBlob: true, webauthn:extension:minPinLength: true, webauthn:extension:prf: true, webauthn:virtualAuthenticators: true}">
      <![CDATA[org.openqa.selenium.NoSuchSessionException: Session ID is null. Using WebDriver after calling quit()?
Build info: version: '4.13.0', revision: 'ba948ece5b*'
System info: os.name: 'Windows 10', os.arch: 'amd64', os.version: '10.0', java.version: '12.0.2'
Driver info: org.openqa.selenium.chrome.ChromeDriver
Command: [null, maximizeCurrentWindow {}]
Capabilities {acceptInsecureCerts: false, browserName: chrome, browserVersion: 120.0.6099.225, chrome: {chromedriverVersion: 119.0.6045.105 (38c72552c5e..., userDataDir: C:\Users\mahesh.d\AppData\L...}, fedcm:accounts: true, goog:chromeOptions: {debuggerAddress: localhost:53190}, networkConnectionEnabled: false, pageLoadStrategy: normal, platformName: windows, proxy: Proxy(), se:cdp: ws://localhost:53190/devtoo..., se:cdpVersion: 120.0.6099.225, setWindowRect: true, strictFileInteractability: false, timeouts: {implicit: 0, pageLoad: 300000, script: 30000}, unhandledPromptBehavior: dismiss and notify, webauthn:extension:credBlob: true, webauthn:extension:largeBlob: true, webauthn:extension:minPinLength: true, webauthn:extension:prf: true, webauthn:virtualAuthenticators: true}
at org.openqa.selenium.remote.HttpCommandExecutor.execute(HttpCommandExecutor.java:152)
at org.openqa.selenium.remote.service.DriverCommandExecutor.invokeExecute(DriverCommandExecutor.java:196)
at org.openqa.selenium.remote.service.DriverCommandExecutor.execute(DriverCommandExecutor.java:171)
at org.openqa.selenium.remote.RemoteWebDriver.execute(RemoteWebDriver.java:602)
at org.openqa.selenium.remote.RemoteWebDriver.execute(RemoteWebDriver.java:675)
at org.openqa.selenium.remote.RemoteWebDriver.execute(RemoteWebDriver.java:679)
at org.openqa.selenium.remote.RemoteWebDriver$RemoteWebDriverOptions$RemoteWindow.maximize(RemoteWebDriver.java:1063)
at test.BaseTest.initializeDriverMysql(BaseTest.java:48)
at test.UserGroupInMysqlAddModifyDeleteWithBulkUploadAndValidateOfflineReports.DeleteUserGroupInMysql.deleteUserGroupInMysql(DeleteUserGroupInMysql.java:41)
at java.base/java.util.ArrayList.forEach(ArrayList.java:1540)
... Removed 28 stack frames]]>
    </failure>
  </testcase> <!-- deleteUserGroupInMysql -->
  <testcase classname="test.UserGroupInMysqlAddModifyDeleteWithBulkUploadAndValidateOfflineReports.ExcelDataValidationForUserGroupTable" name="excelValidateUserGroupInMysql" time="0.0">
    <skipped/>
  </testcase> <!-- excelValidateUserGroupInMysql -->
  <testcase classname="test.UserGroupInMysqlAddModifyDeleteWithBulkUploadAndValidateOfflineReports.ExcelDataValidationForUserGroupTable" name="excelValidateUserGroupInMysql" time="0.001">
    <skipped/>
  </testcase> <!-- excelValidateUserGroupInMysql -->
  <testcase classname="test.UserGroupInMysqlAddModifyDeleteWithBulkUploadAndValidateOfflineReports.ExcelDataValidationForUserGroupTable" name="excelValidateUserGroupInMysql" time="0.0">
    <failure type="org.openqa.selenium.NoSuchSessionException" message="Session ID is null. Using WebDriver after calling quit()?
Build info: version: &amp;apos;4.13.0&amp;apos;, revision: &amp;apos;ba948ece5b*&amp;apos;
System info: os.name: &amp;apos;Windows 10&amp;apos;, os.arch: &amp;apos;amd64&amp;apos;, os.version: &amp;apos;10.0&amp;apos;, java.version: &amp;apos;12.0.2&amp;apos;
Driver info: org.openqa.selenium.chrome.ChromeDriver
Command: [null, maximizeCurrentWindow {}]
Capabilities {acceptInsecureCerts: false, browserName: chrome, browserVersion: 120.0.6099.225, chrome: {chromedriverVersion: 119.0.6045.105 (38c72552c5e..., userDataDir: C:\Users\mahesh.d\AppData\L...}, fedcm:accounts: true, goog:chromeOptions: {debuggerAddress: localhost:53190}, networkConnectionEnabled: false, pageLoadStrategy: normal, platformName: windows, proxy: Proxy(), se:cdp: ws://localhost:53190/devtoo..., se:cdpVersion: 120.0.6099.225, setWindowRect: true, strictFileInteractability: false, timeouts: {implicit: 0, pageLoad: 300000, script: 30000}, unhandledPromptBehavior: dismiss and notify, webauthn:extension:credBlob: true, webauthn:extension:largeBlob: true, webauthn:extension:minPinLength: true, webauthn:extension:prf: true, webauthn:virtualAuthenticators: true}">
      <![CDATA[org.openqa.selenium.NoSuchSessionException: Session ID is null. Using WebDriver after calling quit()?
Build info: version: '4.13.0', revision: 'ba948ece5b*'
System info: os.name: 'Windows 10', os.arch: 'amd64', os.version: '10.0', java.version: '12.0.2'
Driver info: org.openqa.selenium.chrome.ChromeDriver
Command: [null, maximizeCurrentWindow {}]
Capabilities {acceptInsecureCerts: false, browserName: chrome, browserVersion: 120.0.6099.225, chrome: {chromedriverVersion: 119.0.6045.105 (38c72552c5e..., userDataDir: C:\Users\mahesh.d\AppData\L...}, fedcm:accounts: true, goog:chromeOptions: {debuggerAddress: localhost:53190}, networkConnectionEnabled: false, pageLoadStrategy: normal, platformName: windows, proxy: Proxy(), se:cdp: ws://localhost:53190/devtoo..., se:cdpVersion: 120.0.6099.225, setWindowRect: true, strictFileInteractability: false, timeouts: {implicit: 0, pageLoad: 300000, script: 30000}, unhandledPromptBehavior: dismiss and notify, webauthn:extension:credBlob: true, webauthn:extension:largeBlob: true, webauthn:extension:minPinLength: true, webauthn:extension:prf: true, webauthn:virtualAuthenticators: true}
at org.openqa.selenium.remote.HttpCommandExecutor.execute(HttpCommandExecutor.java:152)
at org.openqa.selenium.remote.service.DriverCommandExecutor.invokeExecute(DriverCommandExecutor.java:196)
at org.openqa.selenium.remote.service.DriverCommandExecutor.execute(DriverCommandExecutor.java:171)
at org.openqa.selenium.remote.RemoteWebDriver.execute(RemoteWebDriver.java:602)
at org.openqa.selenium.remote.RemoteWebDriver.execute(RemoteWebDriver.java:675)
at org.openqa.selenium.remote.RemoteWebDriver.execute(RemoteWebDriver.java:679)
at org.openqa.selenium.remote.RemoteWebDriver$RemoteWebDriverOptions$RemoteWindow.maximize(RemoteWebDriver.java:1063)
at test.BaseTest.initializeDriverMysql(BaseTest.java:48)
at test.UserGroupInMysqlAddModifyDeleteWithBulkUploadAndValidateOfflineReports.ExcelDataValidationForUserGroupTable.excelValidateUserGroupInMysql(ExcelDataValidationForUserGroupTable.java:39)
at java.base/java.util.ArrayList.forEach(ArrayList.java:1540)
... Removed 28 stack frames]]>
    </failure>
  </testcase> <!-- excelValidateUserGroupInMysql -->
  <testcase classname="test.UserGroupInMysqlAddModifyDeleteWithBulkUploadAndValidateOfflineReports.PDFDataValidationForUserGroupTable" name="pdfValidationUserGroupInMysql" time="0.001">
    <skipped/>
  </testcase> <!-- pdfValidationUserGroupInMysql -->
  <testcase classname="test.UserGroupInMysqlAddModifyDeleteWithBulkUploadAndValidateOfflineReports.PDFDataValidationForUserGroupTable" name="pdfValidationUserGroupInMysql" time="0.001">
    <skipped/>
  </testcase> <!-- pdfValidationUserGroupInMysql -->
  <testcase classname="test.UserGroupInMysqlAddModifyDeleteWithBulkUploadAndValidateOfflineReports.PDFDataValidationForUserGroupTable" name="pdfValidationUserGroupInMysql" time="0.001">
    <failure type="org.openqa.selenium.NoSuchSessionException" message="Session ID is null. Using WebDriver after calling quit()?
Build info: version: &amp;apos;4.13.0&amp;apos;, revision: &amp;apos;ba948ece5b*&amp;apos;
System info: os.name: &amp;apos;Windows 10&amp;apos;, os.arch: &amp;apos;amd64&amp;apos;, os.version: &amp;apos;10.0&amp;apos;, java.version: &amp;apos;12.0.2&amp;apos;
Driver info: org.openqa.selenium.chrome.ChromeDriver
Command: [null, maximizeCurrentWindow {}]
Capabilities {acceptInsecureCerts: false, browserName: chrome, browserVersion: 120.0.6099.225, chrome: {chromedriverVersion: 119.0.6045.105 (38c72552c5e..., userDataDir: C:\Users\mahesh.d\AppData\L...}, fedcm:accounts: true, goog:chromeOptions: {debuggerAddress: localhost:53190}, networkConnectionEnabled: false, pageLoadStrategy: normal, platformName: windows, proxy: Proxy(), se:cdp: ws://localhost:53190/devtoo..., se:cdpVersion: 120.0.6099.225, setWindowRect: true, strictFileInteractability: false, timeouts: {implicit: 0, pageLoad: 300000, script: 30000}, unhandledPromptBehavior: dismiss and notify, webauthn:extension:credBlob: true, webauthn:extension:largeBlob: true, webauthn:extension:minPinLength: true, webauthn:extension:prf: true, webauthn:virtualAuthenticators: true}">
      <![CDATA[org.openqa.selenium.NoSuchSessionException: Session ID is null. Using WebDriver after calling quit()?
Build info: version: '4.13.0', revision: 'ba948ece5b*'
System info: os.name: 'Windows 10', os.arch: 'amd64', os.version: '10.0', java.version: '12.0.2'
Driver info: org.openqa.selenium.chrome.ChromeDriver
Command: [null, maximizeCurrentWindow {}]
Capabilities {acceptInsecureCerts: false, browserName: chrome, browserVersion: 120.0.6099.225, chrome: {chromedriverVersion: 119.0.6045.105 (38c72552c5e..., userDataDir: C:\Users\mahesh.d\AppData\L...}, fedcm:accounts: true, goog:chromeOptions: {debuggerAddress: localhost:53190}, networkConnectionEnabled: false, pageLoadStrategy: normal, platformName: windows, proxy: Proxy(), se:cdp: ws://localhost:53190/devtoo..., se:cdpVersion: 120.0.6099.225, setWindowRect: true, strictFileInteractability: false, timeouts: {implicit: 0, pageLoad: 300000, script: 30000}, unhandledPromptBehavior: dismiss and notify, webauthn:extension:credBlob: true, webauthn:extension:largeBlob: true, webauthn:extension:minPinLength: true, webauthn:extension:prf: true, webauthn:virtualAuthenticators: true}
at org.openqa.selenium.remote.HttpCommandExecutor.execute(HttpCommandExecutor.java:152)
at org.openqa.selenium.remote.service.DriverCommandExecutor.invokeExecute(DriverCommandExecutor.java:196)
at org.openqa.selenium.remote.service.DriverCommandExecutor.execute(DriverCommandExecutor.java:171)
at org.openqa.selenium.remote.RemoteWebDriver.execute(RemoteWebDriver.java:602)
at org.openqa.selenium.remote.RemoteWebDriver.execute(RemoteWebDriver.java:675)
at org.openqa.selenium.remote.RemoteWebDriver.execute(RemoteWebDriver.java:679)
at org.openqa.selenium.remote.RemoteWebDriver$RemoteWebDriverOptions$RemoteWindow.maximize(RemoteWebDriver.java:1063)
at test.BaseTest.initializeDriverMysql(BaseTest.java:48)
at test.UserGroupInMysqlAddModifyDeleteWithBulkUploadAndValidateOfflineReports.PDFDataValidationForUserGroupTable.pdfValidationUserGroupInMysql(PDFDataValidationForUserGroupTable.java:42)
at java.base/java.util.ArrayList.forEach(ArrayList.java:1540)
... Removed 28 stack frames]]>
    </failure>
  </testcase> <!-- pdfValidationUserGroupInMysql -->
  <testcase classname="test.UserGroupInMysqlAddModifyDeleteWithBulkUploadAndValidateOfflineReports.UserGroupBulkUploadAddMysql" name="addUserGroupInMysql" time="0.001">
    <skipped/>
  </testcase> <!-- addUserGroupInMysql -->
  <testcase classname="test.UserGroupInMysqlAddModifyDeleteWithBulkUploadAndValidateOfflineReports.UserGroupBulkUploadAddMysql" name="addUserGroupInMysql" time="0.0">
    <skipped/>
  </testcase> <!-- addUserGroupInMysql -->
  <testcase classname="test.UserGroupInMysqlAddModifyDeleteWithBulkUploadAndValidateOfflineReports.UserGroupBulkUploadAddMysql" name="addUserGroupInMysql" time="0.001">
    <failure type="org.openqa.selenium.NoSuchSessionException" message="Session ID is null. Using WebDriver after calling quit()?
Build info: version: &amp;apos;4.13.0&amp;apos;, revision: &amp;apos;ba948ece5b*&amp;apos;
System info: os.name: &amp;apos;Windows 10&amp;apos;, os.arch: &amp;apos;amd64&amp;apos;, os.version: &amp;apos;10.0&amp;apos;, java.version: &amp;apos;12.0.2&amp;apos;
Driver info: org.openqa.selenium.chrome.ChromeDriver
Command: [null, maximizeCurrentWindow {}]
Capabilities {acceptInsecureCerts: false, browserName: chrome, browserVersion: 120.0.6099.225, chrome: {chromedriverVersion: 119.0.6045.105 (38c72552c5e..., userDataDir: C:\Users\mahesh.d\AppData\L...}, fedcm:accounts: true, goog:chromeOptions: {debuggerAddress: localhost:53190}, networkConnectionEnabled: false, pageLoadStrategy: normal, platformName: windows, proxy: Proxy(), se:cdp: ws://localhost:53190/devtoo..., se:cdpVersion: 120.0.6099.225, setWindowRect: true, strictFileInteractability: false, timeouts: {implicit: 0, pageLoad: 300000, script: 30000}, unhandledPromptBehavior: dismiss and notify, webauthn:extension:credBlob: true, webauthn:extension:largeBlob: true, webauthn:extension:minPinLength: true, webauthn:extension:prf: true, webauthn:virtualAuthenticators: true}">
      <![CDATA[org.openqa.selenium.NoSuchSessionException: Session ID is null. Using WebDriver after calling quit()?
Build info: version: '4.13.0', revision: 'ba948ece5b*'
System info: os.name: 'Windows 10', os.arch: 'amd64', os.version: '10.0', java.version: '12.0.2'
Driver info: org.openqa.selenium.chrome.ChromeDriver
Command: [null, maximizeCurrentWindow {}]
Capabilities {acceptInsecureCerts: false, browserName: chrome, browserVersion: 120.0.6099.225, chrome: {chromedriverVersion: 119.0.6045.105 (38c72552c5e..., userDataDir: C:\Users\mahesh.d\AppData\L...}, fedcm:accounts: true, goog:chromeOptions: {debuggerAddress: localhost:53190}, networkConnectionEnabled: false, pageLoadStrategy: normal, platformName: windows, proxy: Proxy(), se:cdp: ws://localhost:53190/devtoo..., se:cdpVersion: 120.0.6099.225, setWindowRect: true, strictFileInteractability: false, timeouts: {implicit: 0, pageLoad: 300000, script: 30000}, unhandledPromptBehavior: dismiss and notify, webauthn:extension:credBlob: true, webauthn:extension:largeBlob: true, webauthn:extension:minPinLength: true, webauthn:extension:prf: true, webauthn:virtualAuthenticators: true}
at org.openqa.selenium.remote.HttpCommandExecutor.execute(HttpCommandExecutor.java:152)
at org.openqa.selenium.remote.service.DriverCommandExecutor.invokeExecute(DriverCommandExecutor.java:196)
at org.openqa.selenium.remote.service.DriverCommandExecutor.execute(DriverCommandExecutor.java:171)
at org.openqa.selenium.remote.RemoteWebDriver.execute(RemoteWebDriver.java:602)
at org.openqa.selenium.remote.RemoteWebDriver.execute(RemoteWebDriver.java:675)
at org.openqa.selenium.remote.RemoteWebDriver.execute(RemoteWebDriver.java:679)
at org.openqa.selenium.remote.RemoteWebDriver$RemoteWebDriverOptions$RemoteWindow.maximize(RemoteWebDriver.java:1063)
at test.BaseTest.initializeDriverMysql(BaseTest.java:48)
at test.UserGroupInMysqlAddModifyDeleteWithBulkUploadAndValidateOfflineReports.UserGroupBulkUploadAddMysql.addUserGroupInMysql(UserGroupBulkUploadAddMysql.java:40)
at java.base/java.util.ArrayList.forEach(ArrayList.java:1540)
... Removed 28 stack frames]]>
    </failure>
  </testcase> <!-- addUserGroupInMysql -->
  <testcase classname="test.UserGroupInMysqlAddModifyDeleteWithBulkUploadAndValidateOfflineReports.UserGroupBulkUploadModifyMysql" name="modifyUserGroupInMysql" time="0.0">
    <skipped/>
  </testcase> <!-- modifyUserGroupInMysql -->
  <testcase classname="test.UserGroupInMysqlAddModifyDeleteWithBulkUploadAndValidateOfflineReports.UserGroupBulkUploadModifyMysql" name="modifyUserGroupInMysql" time="0.001">
    <skipped/>
  </testcase> <!-- modifyUserGroupInMysql -->
  <testcase classname="test.UserGroupInMysqlAddModifyDeleteWithBulkUploadAndValidateOfflineReports.UserGroupBulkUploadModifyMysql" name="modifyUserGroupInMysql" time="0.001">
    <failure type="org.openqa.selenium.NoSuchSessionException" message="Session ID is null. Using WebDriver after calling quit()?
Build info: version: &amp;apos;4.13.0&amp;apos;, revision: &amp;apos;ba948ece5b*&amp;apos;
System info: os.name: &amp;apos;Windows 10&amp;apos;, os.arch: &amp;apos;amd64&amp;apos;, os.version: &amp;apos;10.0&amp;apos;, java.version: &amp;apos;12.0.2&amp;apos;
Driver info: org.openqa.selenium.chrome.ChromeDriver
Command: [null, maximizeCurrentWindow {}]
Capabilities {acceptInsecureCerts: false, browserName: chrome, browserVersion: 120.0.6099.225, chrome: {chromedriverVersion: 119.0.6045.105 (38c72552c5e..., userDataDir: C:\Users\mahesh.d\AppData\L...}, fedcm:accounts: true, goog:chromeOptions: {debuggerAddress: localhost:53190}, networkConnectionEnabled: false, pageLoadStrategy: normal, platformName: windows, proxy: Proxy(), se:cdp: ws://localhost:53190/devtoo..., se:cdpVersion: 120.0.6099.225, setWindowRect: true, strictFileInteractability: false, timeouts: {implicit: 0, pageLoad: 300000, script: 30000}, unhandledPromptBehavior: dismiss and notify, webauthn:extension:credBlob: true, webauthn:extension:largeBlob: true, webauthn:extension:minPinLength: true, webauthn:extension:prf: true, webauthn:virtualAuthenticators: true}">
      <![CDATA[org.openqa.selenium.NoSuchSessionException: Session ID is null. Using WebDriver after calling quit()?
Build info: version: '4.13.0', revision: 'ba948ece5b*'
System info: os.name: 'Windows 10', os.arch: 'amd64', os.version: '10.0', java.version: '12.0.2'
Driver info: org.openqa.selenium.chrome.ChromeDriver
Command: [null, maximizeCurrentWindow {}]
Capabilities {acceptInsecureCerts: false, browserName: chrome, browserVersion: 120.0.6099.225, chrome: {chromedriverVersion: 119.0.6045.105 (38c72552c5e..., userDataDir: C:\Users\mahesh.d\AppData\L...}, fedcm:accounts: true, goog:chromeOptions: {debuggerAddress: localhost:53190}, networkConnectionEnabled: false, pageLoadStrategy: normal, platformName: windows, proxy: Proxy(), se:cdp: ws://localhost:53190/devtoo..., se:cdpVersion: 120.0.6099.225, setWindowRect: true, strictFileInteractability: false, timeouts: {implicit: 0, pageLoad: 300000, script: 30000}, unhandledPromptBehavior: dismiss and notify, webauthn:extension:credBlob: true, webauthn:extension:largeBlob: true, webauthn:extension:minPinLength: true, webauthn:extension:prf: true, webauthn:virtualAuthenticators: true}
at org.openqa.selenium.remote.HttpCommandExecutor.execute(HttpCommandExecutor.java:152)
at org.openqa.selenium.remote.service.DriverCommandExecutor.invokeExecute(DriverCommandExecutor.java:196)
at org.openqa.selenium.remote.service.DriverCommandExecutor.execute(DriverCommandExecutor.java:171)
at org.openqa.selenium.remote.RemoteWebDriver.execute(RemoteWebDriver.java:602)
at org.openqa.selenium.remote.RemoteWebDriver.execute(RemoteWebDriver.java:675)
at org.openqa.selenium.remote.RemoteWebDriver.execute(RemoteWebDriver.java:679)
at org.openqa.selenium.remote.RemoteWebDriver$RemoteWebDriverOptions$RemoteWindow.maximize(RemoteWebDriver.java:1063)
at test.BaseTest.initializeDriverMysql(BaseTest.java:48)
at test.UserGroupInMysqlAddModifyDeleteWithBulkUploadAndValidateOfflineReports.UserGroupBulkUploadModifyMysql.modifyUserGroupInMysql(UserGroupBulkUploadModifyMysql.java:42)
at java.base/java.util.ArrayList.forEach(ArrayList.java:1540)
... Removed 28 stack frames]]>
    </failure>
  </testcase> <!-- modifyUserGroupInMysql -->
  <testcase classname="test.UserGroupInMysqlAddModifyDeleteWithBulkUploadAndValidateOfflineReports.UserGroupBulkUploadDeleteMysql" name="deleteUserGroupInMysql" time="0.001">
    <skipped/>
  </testcase> <!-- deleteUserGroupInMysql -->
  <testcase classname="test.UserGroupInMysqlAddModifyDeleteWithBulkUploadAndValidateOfflineReports.UserGroupBulkUploadDeleteMysql" name="deleteUserGroupInMysql" time="0.001">
    <skipped/>
  </testcase> <!-- deleteUserGroupInMysql -->
  <testcase classname="test.UserGroupInMysqlAddModifyDeleteWithBulkUploadAndValidateOfflineReports.UserGroupBulkUploadDeleteMysql" name="deleteUserGroupInMysql" time="0.001">
    <failure type="org.openqa.selenium.NoSuchSessionException" message="Session ID is null. Using WebDriver after calling quit()?
Build info: version: &amp;apos;4.13.0&amp;apos;, revision: &amp;apos;ba948ece5b*&amp;apos;
System info: os.name: &amp;apos;Windows 10&amp;apos;, os.arch: &amp;apos;amd64&amp;apos;, os.version: &amp;apos;10.0&amp;apos;, java.version: &amp;apos;12.0.2&amp;apos;
Driver info: org.openqa.selenium.chrome.ChromeDriver
Command: [null, maximizeCurrentWindow {}]
Capabilities {acceptInsecureCerts: false, browserName: chrome, browserVersion: 120.0.6099.225, chrome: {chromedriverVersion: 119.0.6045.105 (38c72552c5e..., userDataDir: C:\Users\mahesh.d\AppData\L...}, fedcm:accounts: true, goog:chromeOptions: {debuggerAddress: localhost:53190}, networkConnectionEnabled: false, pageLoadStrategy: normal, platformName: windows, proxy: Proxy(), se:cdp: ws://localhost:53190/devtoo..., se:cdpVersion: 120.0.6099.225, setWindowRect: true, strictFileInteractability: false, timeouts: {implicit: 0, pageLoad: 300000, script: 30000}, unhandledPromptBehavior: dismiss and notify, webauthn:extension:credBlob: true, webauthn:extension:largeBlob: true, webauthn:extension:minPinLength: true, webauthn:extension:prf: true, webauthn:virtualAuthenticators: true}">
      <![CDATA[org.openqa.selenium.NoSuchSessionException: Session ID is null. Using WebDriver after calling quit()?
Build info: version: '4.13.0', revision: 'ba948ece5b*'
System info: os.name: 'Windows 10', os.arch: 'amd64', os.version: '10.0', java.version: '12.0.2'
Driver info: org.openqa.selenium.chrome.ChromeDriver
Command: [null, maximizeCurrentWindow {}]
Capabilities {acceptInsecureCerts: false, browserName: chrome, browserVersion: 120.0.6099.225, chrome: {chromedriverVersion: 119.0.6045.105 (38c72552c5e..., userDataDir: C:\Users\mahesh.d\AppData\L...}, fedcm:accounts: true, goog:chromeOptions: {debuggerAddress: localhost:53190}, networkConnectionEnabled: false, pageLoadStrategy: normal, platformName: windows, proxy: Proxy(), se:cdp: ws://localhost:53190/devtoo..., se:cdpVersion: 120.0.6099.225, setWindowRect: true, strictFileInteractability: false, timeouts: {implicit: 0, pageLoad: 300000, script: 30000}, unhandledPromptBehavior: dismiss and notify, webauthn:extension:credBlob: true, webauthn:extension:largeBlob: true, webauthn:extension:minPinLength: true, webauthn:extension:prf: true, webauthn:virtualAuthenticators: true}
at org.openqa.selenium.remote.HttpCommandExecutor.execute(HttpCommandExecutor.java:152)
at org.openqa.selenium.remote.service.DriverCommandExecutor.invokeExecute(DriverCommandExecutor.java:196)
at org.openqa.selenium.remote.service.DriverCommandExecutor.execute(DriverCommandExecutor.java:171)
at org.openqa.selenium.remote.RemoteWebDriver.execute(RemoteWebDriver.java:602)
at org.openqa.selenium.remote.RemoteWebDriver.execute(RemoteWebDriver.java:675)
at org.openqa.selenium.remote.RemoteWebDriver.execute(RemoteWebDriver.java:679)
at org.openqa.selenium.remote.RemoteWebDriver$RemoteWebDriverOptions$RemoteWindow.maximize(RemoteWebDriver.java:1063)
at test.BaseTest.initializeDriverMysql(BaseTest.java:48)
at test.UserGroupInMysqlAddModifyDeleteWithBulkUploadAndValidateOfflineReports.UserGroupBulkUploadDeleteMysql.deleteUserGroupInMysql(UserGroupBulkUploadDeleteMysql.java:39)
at java.base/java.util.ArrayList.forEach(ArrayList.java:1540)
... Removed 28 stack frames]]>
    </failure>
  </testcase> <!-- deleteUserGroupInMysql -->
  <testcase classname="test.BaseTest" name="@AfterTest teardown" time="0.0">
    <ignored/>
  </testcase> <!-- @AfterTest teardown -->
  <testcase classname="test.BaseTest" name="@AfterTest teardown" time="0.0">
    <ignored/>
  </testcase> <!-- @AfterTest teardown -->
  <testcase classname="test.BaseTest" name="@AfterTest teardown" time="0.0">
    <ignored/>
  </testcase> <!-- @AfterTest teardown -->
  <testcase classname="test.BaseTest" name="@AfterTest teardown" time="0.0">
    <ignored/>
  </testcase> <!-- @AfterTest teardown -->
  <testcase classname="test.BaseTest" name="@AfterTest teardown" time="0.0">
    <ignored/>
  </testcase> <!-- @AfterTest teardown -->
  <testcase classname="test.BaseTest" name="@AfterTest teardown" time="0.0">
    <ignored/>
  </testcase> <!-- @AfterTest teardown -->
  <testcase classname="test.BaseTest" name="@AfterTest teardown" time="0.0">
    <ignored/>
  </testcase> <!-- @AfterTest teardown -->
</testsuite> <!-- Test -->
