<?xml version="1.0" encoding="UTF-8"?>
<!-- Generated by org.testng.reporters.JUnitXMLReporter -->
<testsuite ignored="7" hostname="JAMOCHA64" failures="0" tests="9" name="Test" time="88.584" errors="0" timestamp="2024-04-05T12:17:00 IST">
  <testcase classname="MSSQLTest.UserGroupInMSSQLAddModifyDeleteWithBulkUploadAndValidateOfflineReports.AddUserGroupInMSSQL" name="addUserGroupInMssql" time="14.665"/>
  <testcase classname="MSSQLTest.UserGroupInMSSQLAddModifyDeleteWithBulkUploadAndValidateOfflineReports.ModifyUserGroupInMssql" name="modifyUserGroupInMysql" time="10.591"/>
  <testcase classname="MSSQLTest.UserGroupInMSSQLAddModifyDeleteWithBulkUploadAndValidateOfflineReports.DeleteUserGroupInMSSQL" name="deleteUserGroupInMysql" time="23.355"/>
  <testcase classname="MSSQLTest.UserGroupInMSSQLAddModifyDeleteWithBulkUploadAndValidateOfflineReports.ExcelValidationUserGroupInMSSQL" name="excelValidateUserGroupInMysql" time="7.611"/>
  <testcase classname="MSSQLTest.UserGroupInMSSQLAddModifyDeleteWithBulkUploadAndValidateOfflineReports.PDFDataValidationForUserGroupTableMSSQL" name="pdfValidationUserGroupInMysql" time="6.558"/>
  <testcase classname="MSSQLTest.UserGroupInMSSQLAddModifyDeleteWithBulkUploadAndValidateOfflineReports.UserGroupBulkUploadAddMSSQL" name="addUserGroupInMysql" time="7.62"/>
  <testcase classname="MSSQLTest.UserGroupInMSSQLAddModifyDeleteWithBulkUploadAndValidateOfflineReports.UserGroupBulkUploadModifyMSSQL" name="modifyUserGroupInMSSQL" time="7.32"/>
  <testcase classname="MSSQLTest.UserGroupInMSSQLAddModifyDeleteWithBulkUploadAndValidateOfflineReports.UserGroupBulkUploadDeleteMSSQL" name="deleteUserGroupInMysql" time="0.773">
    <skipped/>
  </testcase> <!-- deleteUserGroupInMysql -->
  <testcase classname="MSSQLTest.UserGroupInMSSQLAddModifyDeleteWithBulkUploadAndValidateOfflineReports.UserGroupBulkUploadDeleteMSSQL" name="deleteUserGroupInMysql" time="10.057"/>
  <testcase classname="test.BaseTest" name="@AfterTest teardown" time="0.0">
    <ignored/>
  </testcase> <!-- @AfterTest teardown -->
  <testcase classname="test.BaseTest" name="@AfterTest teardown" time="0.0">
    <ignored/>
  </testcase> <!-- @AfterTest teardown -->
  <testcase classname="test.BaseTest" name="@AfterTest teardown" time="0.0">
    <ignored/>
  </testcase> <!-- @AfterTest teardown -->
  <testcase classname="test.BaseTest" name="@AfterTest teardown" time="0.0">
    <ignored/>
  </testcase> <!-- @AfterTest teardown -->
  <testcase classname="test.BaseTest" name="@AfterTest teardown" time="0.0">
    <ignored/>
  </testcase> <!-- @AfterTest teardown -->
  <testcase classname="test.BaseTest" name="@AfterTest teardown" time="0.0">
    <ignored/>
  </testcase> <!-- @AfterTest teardown -->
  <testcase classname="test.BaseTest" name="@AfterTest teardown" time="0.0">
    <ignored/>
  </testcase> <!-- @AfterTest teardown -->
</testsuite> <!-- Test -->
