<?xml version="1.0" encoding="UTF-8"?>
<!-- Generated by org.testng.reporters.JUnitXMLReporter -->
<testsuite ignored="2" hostname="JAMOCHA64" failures="0" tests="3" name="Test" time="17.09" errors="0" timestamp="2024-04-05T12:01:07 IST">
  <testcase classname="test.CategoriesCategory.AddCategory" name="addCategory" time="5.877"/>
  <testcase classname="test.CategoriesCategory.ModifyCategory" name="modifyCategory" time="5.583"/>
  <testcase classname="test.CategoriesCategory.DeleteCategory" name="deleteCategory" time="5.6"/>
  <testcase classname="test.BaseTest" name="@AfterTest teardown" time="0.0">
    <ignored/>
  </testcase> <!-- @AfterTest teardown -->
  <testcase classname="test.BaseTest" name="@AfterTest teardown" time="0.0">
    <ignored/>
  </testcase> <!-- @AfterTest teardown -->
</testsuite> <!-- Test -->
