<?xml version="1.0" encoding="UTF-8"?>
<!-- Generated by org.testng.reporters.JUnitXMLReporter -->
<testsuite ignored="7" hostname="JAMOCHA64" failures="0" tests="8" name="Test" time="183.136" errors="0" timestamp="2024-04-05T12:29:12 IST">
  <testcase classname="test.UserGroupInMysqlAddModifyDeleteWithBulkUploadAndValidateOfflineReports.AddUserGroupInMysql" name="addUserGroupInMysql" time="11.6"/>
  <testcase classname="test.UserGroupInMysqlAddModifyDeleteWithBulkUploadAndValidateOfflineReports.ModifyUserGroupInMysql" name="modifyUserGroupInMysql" time="13.433"/>
  <testcase classname="test.UserGroupInMysqlAddModifyDeleteWithBulkUploadAndValidateOfflineReports.DeleteUserGroupInMysql" name="deleteUserGroupInMysql" time="114.615"/>
  <testcase classname="test.UserGroupInMysqlAddModifyDeleteWithBulkUploadAndValidateOfflineReports.ExcelDataValidationForUserGroupTable" name="excelValidateUserGroupInMysql" time="8.228"/>
  <testcase classname="test.UserGroupInMysqlAddModifyDeleteWithBulkUploadAndValidateOfflineReports.PDFDataValidationForUserGroupTable" name="pdfValidationUserGroupInMysql" time="8.537"/>
  <testcase classname="test.UserGroupInMysqlAddModifyDeleteWithBulkUploadAndValidateOfflineReports.UserGroupBulkUploadAddMysql" name="addUserGroupInMysql" time="8.881"/>
  <testcase classname="test.UserGroupInMysqlAddModifyDeleteWithBulkUploadAndValidateOfflineReports.UserGroupBulkUploadModifyMysql" name="modifyUserGroupInMysql" time="8.998"/>
  <testcase classname="test.UserGroupInMysqlAddModifyDeleteWithBulkUploadAndValidateOfflineReports.UserGroupBulkUploadDeleteMysql" name="deleteUserGroupInMysql" time="8.792"/>
  <testcase classname="test.BaseTest" name="@AfterTest teardown" time="0.0">
    <ignored/>
  </testcase> <!-- @AfterTest teardown -->
  <testcase classname="test.BaseTest" name="@AfterTest teardown" time="0.0">
    <ignored/>
  </testcase> <!-- @AfterTest teardown -->
  <testcase classname="test.BaseTest" name="@AfterTest teardown" time="0.0">
    <ignored/>
  </testcase> <!-- @AfterTest teardown -->
  <testcase classname="test.BaseTest" name="@AfterTest teardown" time="0.0">
    <ignored/>
  </testcase> <!-- @AfterTest teardown -->
  <testcase classname="test.BaseTest" name="@AfterTest teardown" time="0.0">
    <ignored/>
  </testcase> <!-- @AfterTest teardown -->
  <testcase classname="test.BaseTest" name="@AfterTest teardown" time="0.0">
    <ignored/>
  </testcase> <!-- @AfterTest teardown -->
  <testcase classname="test.BaseTest" name="@AfterTest teardown" time="0.0">
    <ignored/>
  </testcase> <!-- @AfterTest teardown -->
</testsuite> <!-- Test -->
